mkdir: cannot create directory `logs': File exists
Connection to tahoe01.local closed.
Connection to tahoe01.local closed.
Connection to tahoe03.local closed.
Connection to tahoe03.local closed.
Connection to tahoe04.local closed.
Connection to tahoe04.local closed.
Connection to tahoe05.local closed.
Connection to tahoe05.local closed.
Connection to tahoe06.local closed.
Connection to tahoe06.local closed.
++++++ seq 4 6
+++++ for i in '`seq 4 6`'
+++++ echo creating storage node on tahoe04
+++++ ssh tahoe04.local '~/tahoe-svn/scripts/local_make_storagenode.sh'
+++++ for i in '`seq 4 6`'
+++++ echo creating storage node on tahoe05
+++++ ssh tahoe05.local '~/tahoe-svn/scripts/local_make_storagenode.sh'
+++++ for i in '`seq 4 6`'
+++++ echo creating storage node on tahoe06
+++++ ssh tahoe06.local '~/tahoe-svn/scripts/local_make_storagenode.sh'
++ stop_introducer
++ cd /home/eiriha/tahoe-clients/introducer/
++ tahoe stop -C .
++ rm -rf /home/eiriha/tahoe-clients/introducer
++ create_new_introducer
++ cd /home/eiriha/tahoe-clients/
++ tahoe create-introducer introducer
++ cd introducer
++ cat tahoe.cfg
++ sed 's/nickname =/nickname = intro/'
++ sed 's/web.port =/web.port = 1337/'
++ mv tahoe02.cfg tahoe.cfg
++ tahoe start -C .
++++++ seq 4 6
+++++ for i in '`seq 4 6`'
+++++ scp 'tahoe01.local:~/tahoe-clients/introducer/introducer.furl' 'tahoe04.local:~/tahoe-clients/storagenode/'
+++++ for i in '`seq 4 6`'
+++++ scp 'tahoe01.local:~/tahoe-clients/introducer/introducer.furl' 'tahoe05.local:~/tahoe-clients/storagenode/'
+++++ for i in '`seq 4 6`'
+++++ scp 'tahoe01.local:~/tahoe-clients/introducer/introducer.furl' 'tahoe06.local:~/tahoe-clients/storagenode/'
++++++ seq 4 6
+++++ for i in '`seq 4 6`'
+++++ ssh -t tahoe04.local /home/eiriha/tahoe-svn/scripts/start_local_node.sh
Connection to tahoe04.local closed.
+++++ for i in '`seq 4 6`'
+++++ ssh -t tahoe05.local /home/eiriha/tahoe-svn/scripts/start_local_node.sh
Connection to tahoe05.local closed.
+++++ for i in '`seq 4 6`'
+++++ ssh -t tahoe06.local /home/eiriha/tahoe-svn/scripts/start_local_node.sh
Connection to tahoe06.local closed.
+++++ create_new_client
+++++ tahoe stop
+++++ rm -rf /home/eiriha/.tahoe/
+++++ tahoe create-client
+++++ scp 'tahoe01.local:~/tahoe-clients/introducer/introducer.furl' /home/eiriha/.tahoe
+++++ cd /home/eiriha/.tahoe/
+++++ cat tahoe.cfg
++++++ hostname
+++++ sed 's/nickname =/nickname = tahoe03/'
+++++ mv tahoe2.cfg tahoe.cfg
+++++ cat tahoe.cfg
+++++ sed 's/#shares.total = 10/shares.total = 3/'
+++++ sed 's/#shares.happy = 7/shares.happy = 3/'
+++++ sed 's/#shares.needed = 3/shares.needed = 2/'
+++++ mv tahoe02.cfg tahoe.cfg
+++++ tahoe start
+++++ create_alias
+++++ mkdir /home/eiriha/tahoe-store/
mkdir: cannot create directory `/home/eiriha/tahoe-store/': File exists
+++++ cd /home/eiriha/tahoe-store/
+++++ tahoe create-alias tahoe
mkdir: cannot create directory `./logs': File exists

real	19m26.031s
user	2m35.938s
sys	0m24.730s
Connection to tahoe01.local closed.
Connection to tahoe01.local closed.
Connection to tahoe03.local closed.
Connection to tahoe03.local closed.
Connection to tahoe04.local closed.
Connection to tahoe04.local closed.
Connection to tahoe05.local closed.
Connection to tahoe05.local closed.
Connection to tahoe06.local closed.
Connection to tahoe06.local closed.
++++++ seq 4 6
+++++ for i in '`seq 4 6`'
+++++ echo creating storage node on tahoe04
+++++ ssh tahoe04.local '~/tahoe-svn/scripts/local_make_storagenode.sh'
+++++ for i in '`seq 4 6`'
+++++ echo creating storage node on tahoe05
+++++ ssh tahoe05.local '~/tahoe-svn/scripts/local_make_storagenode.sh'
+++++ for i in '`seq 4 6`'
+++++ echo creating storage node on tahoe06
+++++ ssh tahoe06.local '~/tahoe-svn/scripts/local_make_storagenode.sh'
++ stop_introducer
++ cd /home/eiriha/tahoe-clients/introducer/
++ tahoe stop -C .
++ rm -rf /home/eiriha/tahoe-clients/introducer
++ create_new_introducer
++ cd /home/eiriha/tahoe-clients/
++ tahoe create-introducer introducer
++ cd introducer
++ sed 's/web.port =/web.port = 1337/'
++ cat tahoe.cfg
++ sed 's/nickname =/nickname = intro/'
++ mv tahoe02.cfg tahoe.cfg
++ tahoe start -C .
++++++ seq 4 6
+++++ for i in '`seq 4 6`'
+++++ scp 'tahoe01.local:~/tahoe-clients/introducer/introducer.furl' 'tahoe04.local:~/tahoe-clients/storagenode/'
+++++ for i in '`seq 4 6`'
+++++ scp 'tahoe01.local:~/tahoe-clients/introducer/introducer.furl' 'tahoe05.local:~/tahoe-clients/storagenode/'
+++++ for i in '`seq 4 6`'
+++++ scp 'tahoe01.local:~/tahoe-clients/introducer/introducer.furl' 'tahoe06.local:~/tahoe-clients/storagenode/'
++++++ seq 4 6
+++++ for i in '`seq 4 6`'
+++++ ssh -t tahoe04.local /home/eiriha/tahoe-svn/scripts/start_local_node.sh
Connection to tahoe04.local closed.
+++++ for i in '`seq 4 6`'
+++++ ssh -t tahoe05.local /home/eiriha/tahoe-svn/scripts/start_local_node.sh
Connection to tahoe05.local closed.
+++++ for i in '`seq 4 6`'
+++++ ssh -t tahoe06.local /home/eiriha/tahoe-svn/scripts/start_local_node.sh
Connection to tahoe06.local closed.
+++++ create_new_client
+++++ tahoe stop
+++++ rm -rf /home/eiriha/.tahoe/
+++++ tahoe create-client
+++++ scp 'tahoe01.local:~/tahoe-clients/introducer/introducer.furl' /home/eiriha/.tahoe
+++++ cd /home/eiriha/.tahoe/
+++++ cat tahoe.cfg
++++++ hostname
+++++ sed 's/nickname =/nickname = tahoe03/'
+++++ mv tahoe2.cfg tahoe.cfg
+++++ cat tahoe.cfg
+++++ sed 's/#shares.total = 10/shares.total = 3/'
+++++ sed 's/#shares.happy = 7/shares.happy = 3/'
+++++ sed 's/#shares.needed = 3/shares.needed = 2/'
+++++ mv tahoe02.cfg tahoe.cfg
+++++ tahoe start
+++++ create_alias
+++++ mkdir /home/eiriha/tahoe-store/
mkdir: cannot create directory `/home/eiriha/tahoe-store/': File exists
+++++ cd /home/eiriha/tahoe-store/
+++++ tahoe create-alias tahoe
mkdir: cannot create directory `./logs': File exists
mkdir: cannot create directory `/tmp/1b': File exists
mkdir: cannot create directory `/tmp/1kb': File exists
mkdir: cannot create directory `/tmp/1mb': File exists
mkdir: cannot create directory `/tmp/100mb': File exists
mkdir: cannot create directory `/tmp/1gb': File exists

real	19m1.418s
user	2m37.462s
sys	0m25.290s
Connection to tahoe01.local closed.
Connection to tahoe01.local closed.
Connection to tahoe03.local closed.
Connection to tahoe03.local closed.
Connection to tahoe04.local closed.
Connection to tahoe04.local closed.
Connection to tahoe05.local closed.
Connection to tahoe05.local closed.
Connection to tahoe06.local closed.
Connection to tahoe06.local closed.
++++++ seq 4 6
+++++ for i in '`seq 4 6`'
+++++ echo creating storage node on tahoe04
+++++ ssh tahoe04.local '~/tahoe-svn/scripts/local_make_storagenode.sh'
+++++ for i in '`seq 4 6`'
+++++ echo creating storage node on tahoe05
+++++ ssh tahoe05.local '~/tahoe-svn/scripts/local_make_storagenode.sh'
+++++ for i in '`seq 4 6`'
+++++ echo creating storage node on tahoe06
+++++ ssh tahoe06.local '~/tahoe-svn/scripts/local_make_storagenode.sh'
++ stop_introducer
++ cd /home/eiriha/tahoe-clients/introducer/
++ tahoe stop -C .
++ rm -rf /home/eiriha/tahoe-clients/introducer
++ create_new_introducer
++ cd /home/eiriha/tahoe-clients/
++ tahoe create-introducer introducer
++ cd introducer
++ cat tahoe.cfg
++ sed 's/web.port =/web.port = 1337/'
++ sed 's/nickname =/nickname = intro/'
++ mv tahoe02.cfg tahoe.cfg
++ tahoe start -C .
++++++ seq 4 6
+++++ for i in '`seq 4 6`'
+++++ scp 'tahoe01.local:~/tahoe-clients/introducer/introducer.furl' 'tahoe04.local:~/tahoe-clients/storagenode/'
+++++ for i in '`seq 4 6`'
+++++ scp 'tahoe01.local:~/tahoe-clients/introducer/introducer.furl' 'tahoe05.local:~/tahoe-clients/storagenode/'
+++++ for i in '`seq 4 6`'
+++++ scp 'tahoe01.local:~/tahoe-clients/introducer/introducer.furl' 'tahoe06.local:~/tahoe-clients/storagenode/'
++++++ seq 4 6
+++++ for i in '`seq 4 6`'
+++++ ssh -t tahoe04.local /home/eiriha/tahoe-svn/scripts/start_local_node.sh
Connection to tahoe04.local closed.
+++++ for i in '`seq 4 6`'
+++++ ssh -t tahoe05.local /home/eiriha/tahoe-svn/scripts/start_local_node.sh
Connection to tahoe05.local closed.
+++++ for i in '`seq 4 6`'
+++++ ssh -t tahoe06.local /home/eiriha/tahoe-svn/scripts/start_local_node.sh
Connection to tahoe06.local closed.
+++++ create_new_client
+++++ tahoe stop
+++++ rm -rf /home/eiriha/.tahoe/
+++++ tahoe create-client
+++++ scp 'tahoe01.local:~/tahoe-clients/introducer/introducer.furl' /home/eiriha/.tahoe
+++++ cd /home/eiriha/.tahoe/
+++++ cat tahoe.cfg
++++++ hostname
+++++ sed 's/nickname =/nickname = tahoe03/'
+++++ mv tahoe2.cfg tahoe.cfg
+++++ cat tahoe.cfg
+++++ sed 's/#shares.total = 10/shares.total = 3/'
+++++ sed 's/#shares.happy = 7/shares.happy = 3/'
+++++ sed 's/#shares.needed = 3/shares.needed = 2/'
+++++ mv tahoe02.cfg tahoe.cfg
+++++ tahoe start
+++++ create_alias
+++++ mkdir /home/eiriha/tahoe-store/
mkdir: cannot create directory `/home/eiriha/tahoe-store/': File exists
+++++ cd /home/eiriha/tahoe-store/
+++++ tahoe create-alias tahoe
mkdir: cannot create directory `./logs': File exists
mkdir: cannot create directory `/tmp/1b': File exists
mkdir: cannot create directory `/tmp/1kb': File exists
mkdir: cannot create directory `/tmp/1mb': File exists
mkdir: cannot create directory `/tmp/100mb': File exists
mkdir: cannot create directory `/tmp/1gb': File exists

real	19m35.928s
user	2m36.522s
sys	0m26.270s
Connection to tahoe01.local closed.
Connection to tahoe01.local closed.
Connection to tahoe03.local closed.
Connection to tahoe03.local closed.
Connection to tahoe04.local closed.
Connection to tahoe04.local closed.
Connection to tahoe05.local closed.
Connection to tahoe05.local closed.
Connection to tahoe06.local closed.
Connection to tahoe06.local closed.
++++++ seq 4 6
+++++ for i in '`seq 4 6`'
+++++ echo creating storage node on tahoe04
+++++ ssh tahoe04.local '~/tahoe-svn/scripts/local_make_storagenode.sh'
+++++ for i in '`seq 4 6`'
+++++ echo creating storage node on tahoe05
+++++ ssh tahoe05.local '~/tahoe-svn/scripts/local_make_storagenode.sh'
+++++ for i in '`seq 4 6`'
+++++ echo creating storage node on tahoe06
+++++ ssh tahoe06.local '~/tahoe-svn/scripts/local_make_storagenode.sh'
++ stop_introducer
++ cd /home/eiriha/tahoe-clients/introducer/
++ tahoe stop -C .
++ rm -rf /home/eiriha/tahoe-clients/introducer
++ create_new_introducer
++ cd /home/eiriha/tahoe-clients/
++ tahoe create-introducer introducer
++ cd introducer
++ cat tahoe.cfg
++ sed 's/nickname =/nickname = intro/'
++ sed 's/web.port =/web.port = 1337/'
++ mv tahoe02.cfg tahoe.cfg
++ tahoe start -C .
++++++ seq 4 6
+++++ for i in '`seq 4 6`'
+++++ scp 'tahoe01.local:~/tahoe-clients/introducer/introducer.furl' 'tahoe04.local:~/tahoe-clients/storagenode/'
+++++ for i in '`seq 4 6`'
+++++ scp 'tahoe01.local:~/tahoe-clients/introducer/introducer.furl' 'tahoe05.local:~/tahoe-clients/storagenode/'
+++++ for i in '`seq 4 6`'
+++++ scp 'tahoe01.local:~/tahoe-clients/introducer/introducer.furl' 'tahoe06.local:~/tahoe-clients/storagenode/'
++++++ seq 4 6
+++++ for i in '`seq 4 6`'
+++++ ssh -t tahoe04.local /home/eiriha/tahoe-svn/scripts/start_local_node.sh
Connection to tahoe04.local closed.
+++++ for i in '`seq 4 6`'
+++++ ssh -t tahoe05.local /home/eiriha/tahoe-svn/scripts/start_local_node.sh
Connection to tahoe05.local closed.
+++++ for i in '`seq 4 6`'
+++++ ssh -t tahoe06.local /home/eiriha/tahoe-svn/scripts/start_local_node.sh
Connection to tahoe06.local closed.
+++++ create_new_client
+++++ tahoe stop
+++++ rm -rf /home/eiriha/.tahoe/
+++++ tahoe create-client
+++++ scp 'tahoe01.local:~/tahoe-clients/introducer/introducer.furl' /home/eiriha/.tahoe
+++++ cd /home/eiriha/.tahoe/
+++++ cat tahoe.cfg
++++++ hostname
+++++ sed 's/nickname =/nickname = tahoe03/'
+++++ mv tahoe2.cfg tahoe.cfg
+++++ cat tahoe.cfg
+++++ sed 's/#shares.total = 10/shares.total = 3/'
+++++ sed 's/#shares.happy = 7/shares.happy = 3/'
+++++ sed 's/#shares.needed = 3/shares.needed = 2/'
+++++ mv tahoe02.cfg tahoe.cfg
+++++ tahoe start
+++++ create_alias
+++++ mkdir /home/eiriha/tahoe-store/
mkdir: cannot create directory `/home/eiriha/tahoe-store/': File exists
+++++ cd /home/eiriha/tahoe-store/
+++++ tahoe create-alias tahoe
mkdir: cannot create directory `./logs': File exists
mkdir: cannot create directory `/tmp/1b': File exists
mkdir: cannot create directory `/tmp/1kb': File exists
mkdir: cannot create directory `/tmp/1mb': File exists
mkdir: cannot create directory `/tmp/100mb': File exists
mkdir: cannot create directory `/tmp/1gb': File exists

real	23m44.893s
user	2m36.902s
sys	0m25.702s
Connection to tahoe01.local closed.
Connection to tahoe01.local closed.
Connection to tahoe03.local closed.
Connection to tahoe03.local closed.
Connection to tahoe04.local closed.
Connection to tahoe04.local closed.
Connection to tahoe05.local closed.
Connection to tahoe05.local closed.
Connection to tahoe06.local closed.
Connection to tahoe06.local closed.
++++++ seq 4 6
+++++ for i in '`seq 4 6`'
+++++ echo creating storage node on tahoe04
+++++ ssh tahoe04.local '~/tahoe-svn/scripts/local_make_storagenode.sh'
+++++ for i in '`seq 4 6`'
+++++ echo creating storage node on tahoe05
+++++ ssh tahoe05.local '~/tahoe-svn/scripts/local_make_storagenode.sh'
+++++ for i in '`seq 4 6`'
+++++ echo creating storage node on tahoe06
+++++ ssh tahoe06.local '~/tahoe-svn/scripts/local_make_storagenode.sh'
++ stop_introducer
++ cd /home/eiriha/tahoe-clients/introducer/
++ tahoe stop -C .
++ rm -rf /home/eiriha/tahoe-clients/introducer
++ create_new_introducer
++ cd /home/eiriha/tahoe-clients/
++ tahoe create-introducer introducer
++ cd introducer
++ cat tahoe.cfg
++ sed 's/nickname =/nickname = intro/'
++ sed 's/web.port =/web.port = 1337/'
++ mv tahoe02.cfg tahoe.cfg
++ tahoe start -C .
++++++ seq 4 6
+++++ for i in '`seq 4 6`'
+++++ scp 'tahoe01.local:~/tahoe-clients/introducer/introducer.furl' 'tahoe04.local:~/tahoe-clients/storagenode/'
+++++ for i in '`seq 4 6`'
+++++ scp 'tahoe01.local:~/tahoe-clients/introducer/introducer.furl' 'tahoe05.local:~/tahoe-clients/storagenode/'
+++++ for i in '`seq 4 6`'
+++++ scp 'tahoe01.local:~/tahoe-clients/introducer/introducer.furl' 'tahoe06.local:~/tahoe-clients/storagenode/'
++++++ seq 4 6
+++++ for i in '`seq 4 6`'
+++++ ssh -t tahoe04.local /home/eiriha/tahoe-svn/scripts/start_local_node.sh
Connection to tahoe04.local closed.
+++++ for i in '`seq 4 6`'
+++++ ssh -t tahoe05.local /home/eiriha/tahoe-svn/scripts/start_local_node.sh
Connection to tahoe05.local closed.
+++++ for i in '`seq 4 6`'
+++++ ssh -t tahoe06.local /home/eiriha/tahoe-svn/scripts/start_local_node.sh
Connection to tahoe06.local closed.
+++++ create_new_client
+++++ tahoe stop
+++++ rm -rf /home/eiriha/.tahoe/
+++++ tahoe create-client
+++++ scp 'tahoe01.local:~/tahoe-clients/introducer/introducer.furl' /home/eiriha/.tahoe
+++++ cd /home/eiriha/.tahoe/
+++++ cat tahoe.cfg
++++++ hostname
+++++ sed 's/nickname =/nickname = tahoe03/'
+++++ mv tahoe2.cfg tahoe.cfg
+++++ cat tahoe.cfg
+++++ sed 's/#shares.happy = 7/shares.happy = 3/'
+++++ sed 's/#shares.total = 10/shares.total = 3/'
+++++ sed 's/#shares.needed = 3/shares.needed = 2/'
+++++ mv tahoe02.cfg tahoe.cfg
+++++ tahoe start
+++++ create_alias
+++++ mkdir /home/eiriha/tahoe-store/
mkdir: cannot create directory `/home/eiriha/tahoe-store/': File exists
+++++ cd /home/eiriha/tahoe-store/
+++++ tahoe create-alias tahoe
mkdir: cannot create directory `./logs': File exists
mkdir: cannot create directory `/tmp/1b': File exists
mkdir: cannot create directory `/tmp/1kb': File exists
mkdir: cannot create directory `/tmp/1mb': File exists
mkdir: cannot create directory `/tmp/100mb': File exists
mkdir: cannot create directory `/tmp/1gb': File exists

real	22m49.791s
user	2m37.314s
sys	0m25.438s
Connection to tahoe01.local closed.
Connection to tahoe01.local closed.
Connection to tahoe03.local closed.
Connection to tahoe03.local closed.
Connection to tahoe04.local closed.
Connection to tahoe04.local closed.
Connection to tahoe05.local closed.
Connection to tahoe05.local closed.
Connection to tahoe06.local closed.
Connection to tahoe06.local closed.
++++++ seq 4 6
+++++ for i in '`seq 4 6`'
+++++ echo creating storage node on tahoe04
+++++ ssh tahoe04.local '~/tahoe-svn/scripts/local_make_storagenode.sh'
+++++ for i in '`seq 4 6`'
+++++ echo creating storage node on tahoe05
+++++ ssh tahoe05.local '~/tahoe-svn/scripts/local_make_storagenode.sh'
+++++ for i in '`seq 4 6`'
+++++ echo creating storage node on tahoe06
+++++ ssh tahoe06.local '~/tahoe-svn/scripts/local_make_storagenode.sh'
++ stop_introducer
++ cd /home/eiriha/tahoe-clients/introducer/
++ tahoe stop -C .
++ rm -rf /home/eiriha/tahoe-clients/introducer
++ create_new_introducer
++ cd /home/eiriha/tahoe-clients/
++ tahoe create-introducer introducer
++ cd introducer
++ cat tahoe.cfg
++ sed 's/nickname =/nickname = intro/'
++ sed 's/web.port =/web.port = 1337/'
++ mv tahoe02.cfg tahoe.cfg
++ tahoe start -C .
++++++ seq 4 6
+++++ for i in '`seq 4 6`'
+++++ scp 'tahoe01.local:~/tahoe-clients/introducer/introducer.furl' 'tahoe04.local:~/tahoe-clients/storagenode/'
+++++ for i in '`seq 4 6`'
+++++ scp 'tahoe01.local:~/tahoe-clients/introducer/introducer.furl' 'tahoe05.local:~/tahoe-clients/storagenode/'
+++++ for i in '`seq 4 6`'
+++++ scp 'tahoe01.local:~/tahoe-clients/introducer/introducer.furl' 'tahoe06.local:~/tahoe-clients/storagenode/'
++++++ seq 4 6
+++++ for i in '`seq 4 6`'
+++++ ssh -t tahoe04.local /home/eiriha/tahoe-svn/scripts/start_local_node.sh
Connection to tahoe04.local closed.
+++++ for i in '`seq 4 6`'
+++++ ssh -t tahoe05.local /home/eiriha/tahoe-svn/scripts/start_local_node.sh
Connection to tahoe05.local closed.
+++++ for i in '`seq 4 6`'
+++++ ssh -t tahoe06.local /home/eiriha/tahoe-svn/scripts/start_local_node.sh
Connection to tahoe06.local closed.
+++++ create_new_client
+++++ tahoe stop
+++++ rm -rf /home/eiriha/.tahoe/
+++++ tahoe create-client
+++++ scp 'tahoe01.local:~/tahoe-clients/introducer/introducer.furl' /home/eiriha/.tahoe
+++++ cd /home/eiriha/.tahoe/
+++++ cat tahoe.cfg
++++++ hostname
+++++ sed 's/nickname =/nickname = tahoe03/'
+++++ mv tahoe2.cfg tahoe.cfg
+++++ cat tahoe.cfg
+++++ sed 's/#shares.total = 10/shares.total = 3/'
+++++ sed 's/#shares.happy = 7/shares.happy = 3/'
+++++ sed 's/#shares.needed = 3/shares.needed = 2/'
+++++ mv tahoe02.cfg tahoe.cfg
+++++ tahoe start
+++++ create_alias
+++++ mkdir /home/eiriha/tahoe-store/
mkdir: cannot create directory `/home/eiriha/tahoe-store/': File exists
+++++ cd /home/eiriha/tahoe-store/
+++++ tahoe create-alias tahoe
mkdir: cannot create directory `./logs': File exists
mkdir: cannot create directory `/tmp/1b': File exists
mkdir: cannot create directory `/tmp/1kb': File exists
mkdir: cannot create directory `/tmp/1mb': File exists
mkdir: cannot create directory `/tmp/100mb': File exists
mkdir: cannot create directory `/tmp/1gb': File exists

real	21m50.246s
user	2m37.482s
sys	0m25.378s
Connection to tahoe01.local closed.
Connection to tahoe01.local closed.
Connection to tahoe03.local closed.
Connection to tahoe03.local closed.
Connection to tahoe04.local closed.
Connection to tahoe04.local closed.
Connection to tahoe05.local closed.
Connection to tahoe05.local closed.
Connection to tahoe06.local closed.
Connection to tahoe06.local closed.
++++++ seq 4 6
+++++ for i in '`seq 4 6`'
+++++ echo creating storage node on tahoe04
+++++ ssh tahoe04.local '~/tahoe-svn/scripts/local_make_storagenode.sh'
+++++ for i in '`seq 4 6`'
+++++ echo creating storage node on tahoe05
+++++ ssh tahoe05.local '~/tahoe-svn/scripts/local_make_storagenode.sh'
+++++ for i in '`seq 4 6`'
+++++ echo creating storage node on tahoe06
+++++ ssh tahoe06.local '~/tahoe-svn/scripts/local_make_storagenode.sh'
++ stop_introducer
++ cd /home/eiriha/tahoe-clients/introducer/
++ tahoe stop -C .
++ rm -rf /home/eiriha/tahoe-clients/introducer
++ create_new_introducer
++ cd /home/eiriha/tahoe-clients/
++ tahoe create-introducer introducer
++ cd introducer
++ cat tahoe.cfg
++ sed 's/nickname =/nickname = intro/'
++ sed 's/web.port =/web.port = 1337/'
++ mv tahoe02.cfg tahoe.cfg
++ tahoe start -C .
++++++ seq 4 6
+++++ for i in '`seq 4 6`'
+++++ scp 'tahoe01.local:~/tahoe-clients/introducer/introducer.furl' 'tahoe04.local:~/tahoe-clients/storagenode/'
+++++ for i in '`seq 4 6`'
+++++ scp 'tahoe01.local:~/tahoe-clients/introducer/introducer.furl' 'tahoe05.local:~/tahoe-clients/storagenode/'
+++++ for i in '`seq 4 6`'
+++++ scp 'tahoe01.local:~/tahoe-clients/introducer/introducer.furl' 'tahoe06.local:~/tahoe-clients/storagenode/'
++++++ seq 4 6
+++++ for i in '`seq 4 6`'
+++++ ssh -t tahoe04.local /home/eiriha/tahoe-svn/scripts/start_local_node.sh
Connection to tahoe04.local closed.
+++++ for i in '`seq 4 6`'
+++++ ssh -t tahoe05.local /home/eiriha/tahoe-svn/scripts/start_local_node.sh
Connection to tahoe05.local closed.
+++++ for i in '`seq 4 6`'
+++++ ssh -t tahoe06.local /home/eiriha/tahoe-svn/scripts/start_local_node.sh
Connection to tahoe06.local closed.
+++++ create_new_client
+++++ tahoe stop
+++++ rm -rf /home/eiriha/.tahoe/
+++++ tahoe create-client
+++++ scp 'tahoe01.local:~/tahoe-clients/introducer/introducer.furl' /home/eiriha/.tahoe
+++++ cd /home/eiriha/.tahoe/
+++++ cat tahoe.cfg
++++++ hostname
+++++ sed 's/nickname =/nickname = tahoe03/'
+++++ mv tahoe2.cfg tahoe.cfg
+++++ cat tahoe.cfg
+++++ sed 's/#shares.total = 10/shares.total = 3/'
+++++ sed 's/#shares.happy = 7/shares.happy = 3/'
+++++ sed 's/#shares.needed = 3/shares.needed = 2/'
+++++ mv tahoe02.cfg tahoe.cfg
+++++ tahoe start
+++++ create_alias
+++++ mkdir /home/eiriha/tahoe-store/
mkdir: cannot create directory `/home/eiriha/tahoe-store/': File exists
+++++ cd /home/eiriha/tahoe-store/
+++++ tahoe create-alias tahoe
mkdir: cannot create directory `./logs': File exists
mkdir: cannot create directory `/tmp/1b': File exists
mkdir: cannot create directory `/tmp/1kb': File exists
mkdir: cannot create directory `/tmp/1mb': File exists
mkdir: cannot create directory `/tmp/100mb': File exists
mkdir: cannot create directory `/tmp/1gb': File exists

real	25m30.497s
user	2m37.110s
sys	0m25.298s
Connection to tahoe01.local closed.
Connection to tahoe01.local closed.
Connection to tahoe03.local closed.
Connection to tahoe03.local closed.
Connection to tahoe04.local closed.
Connection to tahoe04.local closed.
Connection to tahoe05.local closed.
Connection to tahoe05.local closed.
Connection to tahoe06.local closed.
Connection to tahoe06.local closed.
++++++ seq 4 6
+++++ for i in '`seq 4 6`'
+++++ echo creating storage node on tahoe04
+++++ ssh tahoe04.local '~/tahoe-svn/scripts/local_make_storagenode.sh'
+++++ for i in '`seq 4 6`'
+++++ echo creating storage node on tahoe05
+++++ ssh tahoe05.local '~/tahoe-svn/scripts/local_make_storagenode.sh'
+++++ for i in '`seq 4 6`'
+++++ echo creating storage node on tahoe06
+++++ ssh tahoe06.local '~/tahoe-svn/scripts/local_make_storagenode.sh'
++ stop_introducer
++ cd /home/eiriha/tahoe-clients/introducer/
++ tahoe stop -C .
++ rm -rf /home/eiriha/tahoe-clients/introducer
++ create_new_introducer
++ cd /home/eiriha/tahoe-clients/
++ tahoe create-introducer introducer
++ cd introducer
++ cat tahoe.cfg
++ sed 's/nickname =/nickname = intro/'
++ sed 's/web.port =/web.port = 1337/'
++ mv tahoe02.cfg tahoe.cfg
++ tahoe start -C .
++++++ seq 4 6
+++++ for i in '`seq 4 6`'
+++++ scp 'tahoe01.local:~/tahoe-clients/introducer/introducer.furl' 'tahoe04.local:~/tahoe-clients/storagenode/'
+++++ for i in '`seq 4 6`'
+++++ scp 'tahoe01.local:~/tahoe-clients/introducer/introducer.furl' 'tahoe05.local:~/tahoe-clients/storagenode/'
+++++ for i in '`seq 4 6`'
+++++ scp 'tahoe01.local:~/tahoe-clients/introducer/introducer.furl' 'tahoe06.local:~/tahoe-clients/storagenode/'
++++++ seq 4 6
+++++ for i in '`seq 4 6`'
+++++ ssh -t tahoe04.local /home/eiriha/tahoe-svn/scripts/start_local_node.sh
Connection to tahoe04.local closed.
+++++ for i in '`seq 4 6`'
+++++ ssh -t tahoe05.local /home/eiriha/tahoe-svn/scripts/start_local_node.sh
Connection to tahoe05.local closed.
+++++ for i in '`seq 4 6`'
+++++ ssh -t tahoe06.local /home/eiriha/tahoe-svn/scripts/start_local_node.sh
Connection to tahoe06.local closed.
+++++ create_new_client
+++++ tahoe stop
+++++ rm -rf /home/eiriha/.tahoe/
+++++ tahoe create-client
+++++ scp 'tahoe01.local:~/tahoe-clients/introducer/introducer.furl' /home/eiriha/.tahoe
+++++ cd /home/eiriha/.tahoe/
+++++ cat tahoe.cfg
++++++ hostname
+++++ sed 's/nickname =/nickname = tahoe03/'
+++++ mv tahoe2.cfg tahoe.cfg
+++++ cat tahoe.cfg
+++++ sed 's/#shares.total = 10/shares.total = 3/'
+++++ sed 's/#shares.happy = 7/shares.happy = 3/'
+++++ sed 's/#shares.needed = 3/shares.needed = 2/'
+++++ mv tahoe02.cfg tahoe.cfg
+++++ tahoe start
+++++ create_alias
+++++ mkdir /home/eiriha/tahoe-store/
mkdir: cannot create directory `/home/eiriha/tahoe-store/': File exists
+++++ cd /home/eiriha/tahoe-store/
+++++ tahoe create-alias tahoe
mkdir: cannot create directory `./logs': File exists
mkdir: cannot create directory `/tmp/1b': File exists
mkdir: cannot create directory `/tmp/1kb': File exists
mkdir: cannot create directory `/tmp/1mb': File exists
mkdir: cannot create directory `/tmp/100mb': File exists
mkdir: cannot create directory `/tmp/1gb': File exists

real	20m40.937s
user	2m36.850s
sys	0m26.022s
Connection to tahoe01.local closed.
Connection to tahoe01.local closed.
Connection to tahoe03.local closed.
Connection to tahoe03.local closed.
Connection to tahoe04.local closed.
Connection to tahoe04.local closed.
Connection to tahoe05.local closed.
Connection to tahoe05.local closed.
Connection to tahoe06.local closed.
Connection to tahoe06.local closed.
++++++ seq 4 6
+++++ for i in '`seq 4 6`'
+++++ echo creating storage node on tahoe04
+++++ ssh tahoe04.local '~/tahoe-svn/scripts/local_make_storagenode.sh'
+++++ for i in '`seq 4 6`'
+++++ echo creating storage node on tahoe05
+++++ ssh tahoe05.local '~/tahoe-svn/scripts/local_make_storagenode.sh'
+++++ for i in '`seq 4 6`'
+++++ echo creating storage node on tahoe06
+++++ ssh tahoe06.local '~/tahoe-svn/scripts/local_make_storagenode.sh'
++ stop_introducer
++ cd /home/eiriha/tahoe-clients/introducer/
++ tahoe stop -C .
++ rm -rf /home/eiriha/tahoe-clients/introducer
++ create_new_introducer
++ cd /home/eiriha/tahoe-clients/
++ tahoe create-introducer introducer
++ cd introducer
++ cat tahoe.cfg
++ sed 's/nickname =/nickname = intro/'
++ sed 's/web.port =/web.port = 1337/'
++ mv tahoe02.cfg tahoe.cfg
++ tahoe start -C .
++++++ seq 4 6
+++++ for i in '`seq 4 6`'
+++++ scp 'tahoe01.local:~/tahoe-clients/introducer/introducer.furl' 'tahoe04.local:~/tahoe-clients/storagenode/'
+++++ for i in '`seq 4 6`'
+++++ scp 'tahoe01.local:~/tahoe-clients/introducer/introducer.furl' 'tahoe05.local:~/tahoe-clients/storagenode/'
+++++ for i in '`seq 4 6`'
+++++ scp 'tahoe01.local:~/tahoe-clients/introducer/introducer.furl' 'tahoe06.local:~/tahoe-clients/storagenode/'
++++++ seq 4 6
+++++ for i in '`seq 4 6`'
+++++ ssh -t tahoe04.local /home/eiriha/tahoe-svn/scripts/start_local_node.sh
Connection to tahoe04.local closed.
+++++ for i in '`seq 4 6`'
+++++ ssh -t tahoe05.local /home/eiriha/tahoe-svn/scripts/start_local_node.sh
Connection to tahoe05.local closed.
+++++ for i in '`seq 4 6`'
+++++ ssh -t tahoe06.local /home/eiriha/tahoe-svn/scripts/start_local_node.sh
Connection to tahoe06.local closed.
+++++ create_new_client
+++++ tahoe stop
+++++ rm -rf /home/eiriha/.tahoe/
+++++ tahoe create-client
+++++ scp 'tahoe01.local:~/tahoe-clients/introducer/introducer.furl' /home/eiriha/.tahoe
+++++ cd /home/eiriha/.tahoe/
+++++ cat tahoe.cfg
++++++ hostname
+++++ sed 's/nickname =/nickname = tahoe03/'
+++++ mv tahoe2.cfg tahoe.cfg
+++++ cat tahoe.cfg
+++++ sed 's/#shares.total = 10/shares.total = 3/'
+++++ sed 's/#shares.happy = 7/shares.happy = 3/'
+++++ sed 's/#shares.needed = 3/shares.needed = 2/'
+++++ mv tahoe02.cfg tahoe.cfg
+++++ tahoe start
+++++ create_alias
+++++ mkdir /home/eiriha/tahoe-store/
mkdir: cannot create directory `/home/eiriha/tahoe-store/': File exists
+++++ cd /home/eiriha/tahoe-store/
+++++ tahoe create-alias tahoe
mkdir: cannot create directory `./logs': File exists
mkdir: cannot create directory `/tmp/1b': File exists
mkdir: cannot create directory `/tmp/1kb': File exists
mkdir: cannot create directory `/tmp/1mb': File exists
mkdir: cannot create directory `/tmp/100mb': File exists
mkdir: cannot create directory `/tmp/1gb': File exists

real	27m26.560s
user	2m37.098s
sys	0m25.082s
Connection to tahoe01.local closed.
Connection to tahoe01.local closed.
Connection to tahoe03.local closed.
Connection to tahoe03.local closed.
Connection to tahoe04.local closed.
Connection to tahoe04.local closed.
Connection to tahoe05.local closed.
Connection to tahoe05.local closed.
Connection to tahoe06.local closed.
Connection to tahoe06.local closed.
++++++ seq 4 6
+++++ for i in '`seq 4 6`'
+++++ echo creating storage node on tahoe04
+++++ ssh tahoe04.local '~/tahoe-svn/scripts/local_make_storagenode.sh'
+++++ for i in '`seq 4 6`'
+++++ echo creating storage node on tahoe05
+++++ ssh tahoe05.local '~/tahoe-svn/scripts/local_make_storagenode.sh'
+++++ for i in '`seq 4 6`'
+++++ echo creating storage node on tahoe06
+++++ ssh tahoe06.local '~/tahoe-svn/scripts/local_make_storagenode.sh'
++ stop_introducer
++ cd /home/eiriha/tahoe-clients/introducer/
++ tahoe stop -C .
++ rm -rf /home/eiriha/tahoe-clients/introducer
++ create_new_introducer
++ cd /home/eiriha/tahoe-clients/
++ tahoe create-introducer introducer
++ cd introducer
++ cat tahoe.cfg
++ sed 's/nickname =/nickname = intro/'
++ sed 's/web.port =/web.port = 1337/'
++ mv tahoe02.cfg tahoe.cfg
++ tahoe start -C .
++++++ seq 4 6
+++++ for i in '`seq 4 6`'
+++++ scp 'tahoe01.local:~/tahoe-clients/introducer/introducer.furl' 'tahoe04.local:~/tahoe-clients/storagenode/'
+++++ for i in '`seq 4 6`'
+++++ scp 'tahoe01.local:~/tahoe-clients/introducer/introducer.furl' 'tahoe05.local:~/tahoe-clients/storagenode/'
+++++ for i in '`seq 4 6`'
+++++ scp 'tahoe01.local:~/tahoe-clients/introducer/introducer.furl' 'tahoe06.local:~/tahoe-clients/storagenode/'
++++++ seq 4 6
+++++ for i in '`seq 4 6`'
+++++ ssh -t tahoe04.local /home/eiriha/tahoe-svn/scripts/start_local_node.sh
Connection to tahoe04.local closed.
+++++ for i in '`seq 4 6`'
+++++ ssh -t tahoe05.local /home/eiriha/tahoe-svn/scripts/start_local_node.sh
Connection to tahoe05.local closed.
+++++ for i in '`seq 4 6`'
+++++ ssh -t tahoe06.local /home/eiriha/tahoe-svn/scripts/start_local_node.sh
Connection to tahoe06.local closed.
+++++ create_new_client
+++++ tahoe stop
+++++ rm -rf /home/eiriha/.tahoe/
+++++ tahoe create-client
+++++ scp 'tahoe01.local:~/tahoe-clients/introducer/introducer.furl' /home/eiriha/.tahoe
+++++ cd /home/eiriha/.tahoe/
+++++ cat tahoe.cfg
++++++ hostname
+++++ sed 's/nickname =/nickname = tahoe03/'
+++++ mv tahoe2.cfg tahoe.cfg
+++++ cat tahoe.cfg
+++++ sed 's/#shares.total = 10/shares.total = 3/'
+++++ sed 's/#shares.happy = 7/shares.happy = 3/'
+++++ sed 's/#shares.needed = 3/shares.needed = 2/'
+++++ mv tahoe02.cfg tahoe.cfg
+++++ tahoe start
+++++ create_alias
+++++ mkdir /home/eiriha/tahoe-store/
mkdir: cannot create directory `/home/eiriha/tahoe-store/': File exists
+++++ cd /home/eiriha/tahoe-store/
+++++ tahoe create-alias tahoe
mkdir: cannot create directory `./logs': File exists
mkdir: cannot create directory `/tmp/1b': File exists
mkdir: cannot create directory `/tmp/1kb': File exists
mkdir: cannot create directory `/tmp/1mb': File exists
mkdir: cannot create directory `/tmp/100mb': File exists
mkdir: cannot create directory `/tmp/1gb': File exists

real	20m9.007s
user	2m37.274s
sys	0m25.770s
Connection to tahoe01.local closed.
Connection to tahoe01.local closed.
Connection to tahoe03.local closed.
Connection to tahoe03.local closed.
Connection to tahoe04.local closed.
Connection to tahoe04.local closed.
Connection to tahoe05.local closed.
Connection to tahoe05.local closed.
Connection to tahoe06.local closed.
Connection to tahoe06.local closed.
++++++ seq 4 6
+++++ for i in '`seq 4 6`'
+++++ echo creating storage node on tahoe04
+++++ ssh tahoe04.local '~/tahoe-svn/scripts/local_make_storagenode.sh'
+++++ for i in '`seq 4 6`'
+++++ echo creating storage node on tahoe05
+++++ ssh tahoe05.local '~/tahoe-svn/scripts/local_make_storagenode.sh'
+++++ for i in '`seq 4 6`'
+++++ echo creating storage node on tahoe06
+++++ ssh tahoe06.local '~/tahoe-svn/scripts/local_make_storagenode.sh'
++ stop_introducer
++ cd /home/eiriha/tahoe-clients/introducer/
++ tahoe stop -C .
++ rm -rf /home/eiriha/tahoe-clients/introducer
++ create_new_introducer
++ cd /home/eiriha/tahoe-clients/
++ tahoe create-introducer introducer
++ cd introducer
++ cat tahoe.cfg
++ sed 's/nickname =/nickname = intro/'
++ sed 's/web.port =/web.port = 1337/'
++ mv tahoe02.cfg tahoe.cfg
++ tahoe start -C .
++++++ seq 4 6
+++++ for i in '`seq 4 6`'
+++++ scp 'tahoe01.local:~/tahoe-clients/introducer/introducer.furl' 'tahoe04.local:~/tahoe-clients/storagenode/'
+++++ for i in '`seq 4 6`'
+++++ scp 'tahoe01.local:~/tahoe-clients/introducer/introducer.furl' 'tahoe05.local:~/tahoe-clients/storagenode/'
+++++ for i in '`seq 4 6`'
+++++ scp 'tahoe01.local:~/tahoe-clients/introducer/introducer.furl' 'tahoe06.local:~/tahoe-clients/storagenode/'
++++++ seq 4 6
+++++ for i in '`seq 4 6`'
+++++ ssh -t tahoe04.local /home/eiriha/tahoe-svn/scripts/start_local_node.sh
Connection to tahoe04.local closed.
+++++ for i in '`seq 4 6`'
+++++ ssh -t tahoe05.local /home/eiriha/tahoe-svn/scripts/start_local_node.sh
Connection to tahoe05.local closed.
+++++ for i in '`seq 4 6`'
+++++ ssh -t tahoe06.local /home/eiriha/tahoe-svn/scripts/start_local_node.sh
Connection to tahoe06.local closed.
+++++ create_new_client
+++++ tahoe stop
+++++ rm -rf /home/eiriha/.tahoe/
+++++ tahoe create-client
+++++ scp 'tahoe01.local:~/tahoe-clients/introducer/introducer.furl' /home/eiriha/.tahoe
+++++ cd /home/eiriha/.tahoe/
+++++ cat tahoe.cfg
++++++ hostname
+++++ sed 's/nickname =/nickname = tahoe03/'
+++++ mv tahoe2.cfg tahoe.cfg
+++++ cat tahoe.cfg
+++++ sed 's/#shares.total = 10/shares.total = 3/'
+++++ sed 's/#shares.happy = 7/shares.happy = 3/'
+++++ sed 's/#shares.needed = 3/shares.needed = 2/'
+++++ mv tahoe02.cfg tahoe.cfg
+++++ tahoe start
+++++ create_alias
+++++ mkdir /home/eiriha/tahoe-store/
mkdir: cannot create directory `/home/eiriha/tahoe-store/': File exists
+++++ cd /home/eiriha/tahoe-store/
+++++ tahoe create-alias tahoe
mkdir: cannot create directory `./logs': File exists
mkdir: cannot create directory `/tmp/1b': File exists
mkdir: cannot create directory `/tmp/1kb': File exists
mkdir: cannot create directory `/tmp/1mb': File exists
mkdir: cannot create directory `/tmp/100mb': File exists
mkdir: cannot create directory `/tmp/1gb': File exists

real	19m41.489s
user	2m36.714s
sys	0m26.406s
Connection to tahoe01.local closed.
Connection to tahoe01.local closed.
Connection to tahoe03.local closed.
Connection to tahoe03.local closed.
Connection to tahoe04.local closed.
Connection to tahoe04.local closed.
Connection to tahoe05.local closed.
Connection to tahoe05.local closed.
Connection to tahoe06.local closed.
Connection to tahoe06.local closed.
++++++ seq 4 6
+++++ for i in '`seq 4 6`'
+++++ echo creating storage node on tahoe04
+++++ ssh tahoe04.local '~/tahoe-svn/scripts/local_make_storagenode.sh'
+++++ for i in '`seq 4 6`'
+++++ echo creating storage node on tahoe05
+++++ ssh tahoe05.local '~/tahoe-svn/scripts/local_make_storagenode.sh'
+++++ for i in '`seq 4 6`'
+++++ echo creating storage node on tahoe06
+++++ ssh tahoe06.local '~/tahoe-svn/scripts/local_make_storagenode.sh'
++ stop_introducer
++ cd /home/eiriha/tahoe-clients/introducer/
++ tahoe stop -C .
++ rm -rf /home/eiriha/tahoe-clients/introducer
++ create_new_introducer
++ cd /home/eiriha/tahoe-clients/
++ tahoe create-introducer introducer
++ cd introducer
++ cat tahoe.cfg
++ sed 's/nickname =/nickname = intro/'
++ sed 's/web.port =/web.port = 1337/'
++ mv tahoe02.cfg tahoe.cfg
++ tahoe start -C .
++++++ seq 4 6
+++++ for i in '`seq 4 6`'
+++++ scp 'tahoe01.local:~/tahoe-clients/introducer/introducer.furl' 'tahoe04.local:~/tahoe-clients/storagenode/'
+++++ for i in '`seq 4 6`'
+++++ scp 'tahoe01.local:~/tahoe-clients/introducer/introducer.furl' 'tahoe05.local:~/tahoe-clients/storagenode/'
+++++ for i in '`seq 4 6`'
+++++ scp 'tahoe01.local:~/tahoe-clients/introducer/introducer.furl' 'tahoe06.local:~/tahoe-clients/storagenode/'
++++++ seq 4 6
+++++ for i in '`seq 4 6`'
+++++ ssh -t tahoe04.local /home/eiriha/tahoe-svn/scripts/start_local_node.sh
Connection to tahoe04.local closed.
+++++ for i in '`seq 4 6`'
+++++ ssh -t tahoe05.local /home/eiriha/tahoe-svn/scripts/start_local_node.sh
Connection to tahoe05.local closed.
+++++ for i in '`seq 4 6`'
+++++ ssh -t tahoe06.local /home/eiriha/tahoe-svn/scripts/start_local_node.sh
Connection to tahoe06.local closed.
+++++ create_new_client
+++++ tahoe stop
+++++ rm -rf /home/eiriha/.tahoe/
+++++ tahoe create-client
+++++ scp 'tahoe01.local:~/tahoe-clients/introducer/introducer.furl' /home/eiriha/.tahoe
+++++ cd /home/eiriha/.tahoe/
+++++ cat tahoe.cfg
++++++ hostname
+++++ sed 's/nickname =/nickname = tahoe03/'
+++++ mv tahoe2.cfg tahoe.cfg
+++++ cat tahoe.cfg
+++++ sed 's/#shares.total = 10/shares.total = 3/'
+++++ sed 's/#shares.happy = 7/shares.happy = 3/'
+++++ sed 's/#shares.needed = 3/shares.needed = 2/'
+++++ mv tahoe02.cfg tahoe.cfg
+++++ tahoe start
+++++ create_alias
+++++ mkdir /home/eiriha/tahoe-store/
mkdir: cannot create directory `/home/eiriha/tahoe-store/': File exists
+++++ cd /home/eiriha/tahoe-store/
+++++ tahoe create-alias tahoe
mkdir: cannot create directory `./logs': File exists
mkdir: cannot create directory `/tmp/1b': File exists
mkdir: cannot create directory `/tmp/1kb': File exists
mkdir: cannot create directory `/tmp/1mb': File exists
mkdir: cannot create directory `/tmp/100mb': File exists
mkdir: cannot create directory `/tmp/1gb': File exists

real	19m23.723s
user	2m37.026s
sys	0m26.046s
Connection to tahoe01.local closed.
Connection to tahoe01.local closed.
Connection to tahoe03.local closed.
Connection to tahoe03.local closed.
Connection to tahoe04.local closed.
Connection to tahoe04.local closed.
Connection to tahoe05.local closed.
Connection to tahoe05.local closed.
Connection to tahoe06.local closed.
Connection to tahoe06.local closed.
++++++ seq 4 6
+++++ for i in '`seq 4 6`'
+++++ echo creating storage node on tahoe04
+++++ ssh tahoe04.local '~/tahoe-svn/scripts/local_make_storagenode.sh'
+++++ for i in '`seq 4 6`'
+++++ echo creating storage node on tahoe05
+++++ ssh tahoe05.local '~/tahoe-svn/scripts/local_make_storagenode.sh'
+++++ for i in '`seq 4 6`'
+++++ echo creating storage node on tahoe06
+++++ ssh tahoe06.local '~/tahoe-svn/scripts/local_make_storagenode.sh'
++ stop_introducer
++ cd /home/eiriha/tahoe-clients/introducer/
++ tahoe stop -C .
++ rm -rf /home/eiriha/tahoe-clients/introducer
++ create_new_introducer
++ cd /home/eiriha/tahoe-clients/
++ tahoe create-introducer introducer
++ cd introducer
++ cat tahoe.cfg
++ sed 's/nickname =/nickname = intro/'
++ sed 's/web.port =/web.port = 1337/'
++ mv tahoe02.cfg tahoe.cfg
++ tahoe start -C .
++++++ seq 4 6
+++++ for i in '`seq 4 6`'
+++++ scp 'tahoe01.local:~/tahoe-clients/introducer/introducer.furl' 'tahoe04.local:~/tahoe-clients/storagenode/'
+++++ for i in '`seq 4 6`'
+++++ scp 'tahoe01.local:~/tahoe-clients/introducer/introducer.furl' 'tahoe05.local:~/tahoe-clients/storagenode/'
+++++ for i in '`seq 4 6`'
+++++ scp 'tahoe01.local:~/tahoe-clients/introducer/introducer.furl' 'tahoe06.local:~/tahoe-clients/storagenode/'
++++++ seq 4 6
+++++ for i in '`seq 4 6`'
+++++ ssh -t tahoe04.local /home/eiriha/tahoe-svn/scripts/start_local_node.sh
Connection to tahoe04.local closed.
+++++ for i in '`seq 4 6`'
+++++ ssh -t tahoe05.local /home/eiriha/tahoe-svn/scripts/start_local_node.sh
Connection to tahoe05.local closed.
+++++ for i in '`seq 4 6`'
+++++ ssh -t tahoe06.local /home/eiriha/tahoe-svn/scripts/start_local_node.sh
Connection to tahoe06.local closed.
+++++ create_new_client
+++++ tahoe stop
+++++ rm -rf /home/eiriha/.tahoe/
+++++ tahoe create-client
+++++ scp 'tahoe01.local:~/tahoe-clients/introducer/introducer.furl' /home/eiriha/.tahoe
+++++ cd /home/eiriha/.tahoe/
+++++ cat tahoe.cfg
++++++ hostname
+++++ sed 's/nickname =/nickname = tahoe03/'
+++++ mv tahoe2.cfg tahoe.cfg
+++++ cat tahoe.cfg
+++++ sed 's/#shares.total = 10/shares.total = 3/'
+++++ sed 's/#shares.happy = 7/shares.happy = 3/'
+++++ sed 's/#shares.needed = 3/shares.needed = 2/'
+++++ mv tahoe02.cfg tahoe.cfg
+++++ tahoe start
+++++ create_alias
+++++ mkdir /home/eiriha/tahoe-store/
mkdir: cannot create directory `/home/eiriha/tahoe-store/': File exists
+++++ cd /home/eiriha/tahoe-store/
+++++ tahoe create-alias tahoe
mkdir: cannot create directory `./logs': File exists
mkdir: cannot create directory `/tmp/1b': File exists
mkdir: cannot create directory `/tmp/1kb': File exists
mkdir: cannot create directory `/tmp/1mb': File exists
mkdir: cannot create directory `/tmp/100mb': File exists
mkdir: cannot create directory `/tmp/1gb': File exists

real	20m7.305s
user	2m37.238s
sys	0m25.830s
Connection to tahoe01.local closed.
Connection to tahoe01.local closed.
Connection to tahoe03.local closed.
Connection to tahoe03.local closed.
Connection to tahoe04.local closed.
Connection to tahoe04.local closed.
Connection to tahoe05.local closed.
Connection to tahoe05.local closed.
Connection to tahoe06.local closed.
Connection to tahoe06.local closed.
++++++ seq 4 6
+++++ for i in '`seq 4 6`'
+++++ echo creating storage node on tahoe04
+++++ ssh tahoe04.local '~/tahoe-svn/scripts/local_make_storagenode.sh'
+++++ for i in '`seq 4 6`'
+++++ echo creating storage node on tahoe05
+++++ ssh tahoe05.local '~/tahoe-svn/scripts/local_make_storagenode.sh'
+++++ for i in '`seq 4 6`'
+++++ echo creating storage node on tahoe06
+++++ ssh tahoe06.local '~/tahoe-svn/scripts/local_make_storagenode.sh'
++ stop_introducer
++ cd /home/eiriha/tahoe-clients/introducer/
++ tahoe stop -C .
++ rm -rf /home/eiriha/tahoe-clients/introducer
++ create_new_introducer
++ cd /home/eiriha/tahoe-clients/
++ tahoe create-introducer introducer
++ cd introducer
++ cat tahoe.cfg
++ sed 's/nickname =/nickname = intro/'
++ sed 's/web.port =/web.port = 1337/'
++ mv tahoe02.cfg tahoe.cfg
++ tahoe start -C .
++++++ seq 4 6
+++++ for i in '`seq 4 6`'
+++++ scp 'tahoe01.local:~/tahoe-clients/introducer/introducer.furl' 'tahoe04.local:~/tahoe-clients/storagenode/'
+++++ for i in '`seq 4 6`'
+++++ scp 'tahoe01.local:~/tahoe-clients/introducer/introducer.furl' 'tahoe05.local:~/tahoe-clients/storagenode/'
+++++ for i in '`seq 4 6`'
+++++ scp 'tahoe01.local:~/tahoe-clients/introducer/introducer.furl' 'tahoe06.local:~/tahoe-clients/storagenode/'
++++++ seq 4 6
+++++ for i in '`seq 4 6`'
+++++ ssh -t tahoe04.local /home/eiriha/tahoe-svn/scripts/start_local_node.sh
Connection to tahoe04.local closed.
+++++ for i in '`seq 4 6`'
+++++ ssh -t tahoe05.local /home/eiriha/tahoe-svn/scripts/start_local_node.sh
Connection to tahoe05.local closed.
+++++ for i in '`seq 4 6`'
+++++ ssh -t tahoe06.local /home/eiriha/tahoe-svn/scripts/start_local_node.sh
Connection to tahoe06.local closed.
+++++ create_new_client
+++++ tahoe stop
+++++ rm -rf /home/eiriha/.tahoe/
+++++ tahoe create-client
+++++ scp 'tahoe01.local:~/tahoe-clients/introducer/introducer.furl' /home/eiriha/.tahoe
+++++ cd /home/eiriha/.tahoe/
+++++ cat tahoe.cfg
++++++ hostname
+++++ sed 's/nickname =/nickname = tahoe03/'
+++++ mv tahoe2.cfg tahoe.cfg
+++++ cat tahoe.cfg
+++++ sed 's/#shares.total = 10/shares.total = 3/'
+++++ sed 's/#shares.happy = 7/shares.happy = 3/'
+++++ sed 's/#shares.needed = 3/shares.needed = 2/'
+++++ mv tahoe02.cfg tahoe.cfg
+++++ tahoe start
+++++ create_alias
+++++ mkdir /home/eiriha/tahoe-store/
mkdir: cannot create directory `/home/eiriha/tahoe-store/': File exists
+++++ cd /home/eiriha/tahoe-store/
+++++ tahoe create-alias tahoe
mkdir: cannot create directory `./logs': File exists
mkdir: cannot create directory `/tmp/1b': File exists
mkdir: cannot create directory `/tmp/1kb': File exists
mkdir: cannot create directory `/tmp/1mb': File exists
mkdir: cannot create directory `/tmp/100mb': File exists
mkdir: cannot create directory `/tmp/1gb': File exists

real	19m24.697s
user	2m36.666s
sys	0m26.286s
Connection to tahoe01.local closed.
Connection to tahoe01.local closed.
Connection to tahoe03.local closed.
Connection to tahoe03.local closed.
Connection to tahoe04.local closed.
Connection to tahoe04.local closed.
Connection to tahoe05.local closed.
Connection to tahoe05.local closed.
Connection to tahoe06.local closed.
Connection to tahoe06.local closed.
++++++ seq 4 6
+++++ for i in '`seq 4 6`'
+++++ echo creating storage node on tahoe04
+++++ ssh tahoe04.local '~/tahoe-svn/scripts/local_make_storagenode.sh'
+++++ for i in '`seq 4 6`'
+++++ echo creating storage node on tahoe05
+++++ ssh tahoe05.local '~/tahoe-svn/scripts/local_make_storagenode.sh'
+++++ for i in '`seq 4 6`'
+++++ echo creating storage node on tahoe06
+++++ ssh tahoe06.local '~/tahoe-svn/scripts/local_make_storagenode.sh'
++ stop_introducer
++ cd /home/eiriha/tahoe-clients/introducer/
++ tahoe stop -C .
++ rm -rf /home/eiriha/tahoe-clients/introducer
++ create_new_introducer
++ cd /home/eiriha/tahoe-clients/
++ tahoe create-introducer introducer
++ cd introducer
++ cat tahoe.cfg
++ sed 's/nickname =/nickname = intro/'
++ sed 's/web.port =/web.port = 1337/'
++ mv tahoe02.cfg tahoe.cfg
++ tahoe start -C .
++++++ seq 4 6
+++++ for i in '`seq 4 6`'
+++++ scp 'tahoe01.local:~/tahoe-clients/introducer/introducer.furl' 'tahoe04.local:~/tahoe-clients/storagenode/'
+++++ for i in '`seq 4 6`'
+++++ scp 'tahoe01.local:~/tahoe-clients/introducer/introducer.furl' 'tahoe05.local:~/tahoe-clients/storagenode/'
+++++ for i in '`seq 4 6`'
+++++ scp 'tahoe01.local:~/tahoe-clients/introducer/introducer.furl' 'tahoe06.local:~/tahoe-clients/storagenode/'
++++++ seq 4 6
+++++ for i in '`seq 4 6`'
+++++ ssh -t tahoe04.local /home/eiriha/tahoe-svn/scripts/start_local_node.sh
Connection to tahoe04.local closed.
+++++ for i in '`seq 4 6`'
+++++ ssh -t tahoe05.local /home/eiriha/tahoe-svn/scripts/start_local_node.sh
Connection to tahoe05.local closed.
+++++ for i in '`seq 4 6`'
+++++ ssh -t tahoe06.local /home/eiriha/tahoe-svn/scripts/start_local_node.sh
Connection to tahoe06.local closed.
+++++ create_new_client
+++++ tahoe stop
+++++ rm -rf /home/eiriha/.tahoe/
+++++ tahoe create-client
+++++ scp 'tahoe01.local:~/tahoe-clients/introducer/introducer.furl' /home/eiriha/.tahoe
+++++ cd /home/eiriha/.tahoe/
+++++ cat tahoe.cfg
++++++ hostname
+++++ sed 's/nickname =/nickname = tahoe03/'
+++++ mv tahoe2.cfg tahoe.cfg
+++++ cat tahoe.cfg
+++++ sed 's/#shares.total = 10/shares.total = 3/'
+++++ sed 's/#shares.happy = 7/shares.happy = 3/'
+++++ sed 's/#shares.needed = 3/shares.needed = 2/'
+++++ mv tahoe02.cfg tahoe.cfg
+++++ tahoe start
+++++ create_alias
+++++ mkdir /home/eiriha/tahoe-store/
mkdir: cannot create directory `/home/eiriha/tahoe-store/': File exists
+++++ cd /home/eiriha/tahoe-store/
+++++ tahoe create-alias tahoe
mkdir: cannot create directory `./logs': File exists
mkdir: cannot create directory `/tmp/1b': File exists
mkdir: cannot create directory `/tmp/1kb': File exists
mkdir: cannot create directory `/tmp/1mb': File exists
mkdir: cannot create directory `/tmp/100mb': File exists
mkdir: cannot create directory `/tmp/1gb': File exists

real	21m48.546s
user	2m37.054s
sys	0m25.994s
