mkdir: cannot create directory `logs': File exists
Connection to tahoe01.local closed.
Connection to tahoe01.local closed.
Connection to tahoe03.local closed.
Connection to tahoe03.local closed.
Connection to tahoe04.local closed.
Connection to tahoe04.local closed.
Connection to tahoe05.local closed.
Connection to tahoe05.local closed.
Connection to tahoe06.local closed.
Connection to tahoe06.local closed.
++++++ seq 4 6
+++++ for i in '`seq 4 6`'
+++++ echo creating storage node on tahoe04
+++++ ssh tahoe04.local '~/tahoe-svn/scripts/local_make_storagenode.sh'
+++++ for i in '`seq 4 6`'
+++++ echo creating storage node on tahoe05
+++++ ssh tahoe05.local '~/tahoe-svn/scripts/local_make_storagenode.sh'
+++++ for i in '`seq 4 6`'
+++++ echo creating storage node on tahoe06
+++++ ssh tahoe06.local '~/tahoe-svn/scripts/local_make_storagenode.sh'
++ stop_introducer
++ cd /home/eiriha/tahoe-clients/introducer/
++ tahoe stop -C .
++ rm -rf /home/eiriha/tahoe-clients/introducer
++ create_new_introducer
++ cd /home/eiriha/tahoe-clients/
++ tahoe create-introducer introducer
++ cd introducer
++ cat tahoe.cfg
++ sed 's/nickname =/nickname = intro/'
++ sed 's/web.port =/web.port = 1337/'
++ mv tahoe02.cfg tahoe.cfg
++ tahoe start -C .
++++++ seq 4 6
+++++ for i in '`seq 4 6`'
+++++ scp 'tahoe01.local:~/tahoe-clients/introducer/introducer.furl' 'tahoe04.local:~/tahoe-clients/storagenode/'
+++++ for i in '`seq 4 6`'
+++++ scp 'tahoe01.local:~/tahoe-clients/introducer/introducer.furl' 'tahoe05.local:~/tahoe-clients/storagenode/'
+++++ for i in '`seq 4 6`'
+++++ scp 'tahoe01.local:~/tahoe-clients/introducer/introducer.furl' 'tahoe06.local:~/tahoe-clients/storagenode/'
++++++ seq 4 6
+++++ for i in '`seq 4 6`'
+++++ ssh -t tahoe04.local /home/eiriha/tahoe-svn/scripts/start_local_node.sh
Connection to tahoe04.local closed.
+++++ for i in '`seq 4 6`'
+++++ ssh -t tahoe05.local /home/eiriha/tahoe-svn/scripts/start_local_node.sh
Connection to tahoe05.local closed.
+++++ for i in '`seq 4 6`'
+++++ ssh -t tahoe06.local /home/eiriha/tahoe-svn/scripts/start_local_node.sh
Connection to tahoe06.local closed.
+++++ create_new_client
+++++ tahoe stop
+++++ rm -rf /home/eiriha/.tahoe/
+++++ tahoe create-client
+++++ scp 'tahoe01.local:~/tahoe-clients/introducer/introducer.furl' /home/eiriha/.tahoe
+++++ cd /home/eiriha/.tahoe/
+++++ cat tahoe.cfg
++++++ hostname
+++++ sed 's/nickname =/nickname = tahoe03/'
+++++ mv tahoe2.cfg tahoe.cfg
+++++ cat tahoe.cfg
+++++ sed 's/#shares.total = 10/shares.total = 3/'
+++++ sed 's/#shares.happy = 7/shares.happy = 3/'
+++++ sed 's/#shares.needed = 3/shares.needed = 2/'
+++++ mv tahoe02.cfg tahoe.cfg
+++++ tahoe start
+++++ create_alias
+++++ mkdir /home/eiriha/tahoe-store/
mkdir: cannot create directory `/home/eiriha/tahoe-store/': File exists
+++++ cd /home/eiriha/tahoe-store/
+++++ tahoe create-alias tahoe
mkdir: cannot create directory `./logs': File exists
mkdir: cannot create directory `/tmp/1b': File exists
mkdir: cannot create directory `/tmp/1kb': File exists
mkdir: cannot create directory `/tmp/1mb': File exists
mkdir: cannot create directory `/tmp/100mb': File exists
mkdir: cannot create directory `/tmp/1gb': File exists

real	19m27.595s
user	2m35.822s
sys	0m25.526s
Connection to tahoe01.local closed.
Connection to tahoe01.local closed.
Connection to tahoe03.local closed.
Connection to tahoe03.local closed.
Connection to tahoe04.local closed.
Connection to tahoe04.local closed.
Connection to tahoe05.local closed.
Connection to tahoe05.local closed.
Connection to tahoe06.local closed.
Connection to tahoe06.local closed.
++++++ seq 4 6
+++++ for i in '`seq 4 6`'
+++++ echo creating storage node on tahoe04
+++++ ssh tahoe04.local '~/tahoe-svn/scripts/local_make_storagenode.sh'
+++++ for i in '`seq 4 6`'
+++++ echo creating storage node on tahoe05
+++++ ssh tahoe05.local '~/tahoe-svn/scripts/local_make_storagenode.sh'
+++++ for i in '`seq 4 6`'
+++++ echo creating storage node on tahoe06
+++++ ssh tahoe06.local '~/tahoe-svn/scripts/local_make_storagenode.sh'
++ stop_introducer
++ cd /home/eiriha/tahoe-clients/introducer/
++ tahoe stop -C .
++ rm -rf /home/eiriha/tahoe-clients/introducer
++ create_new_introducer
++ cd /home/eiriha/tahoe-clients/
++ tahoe create-introducer introducer
++ cd introducer
++ cat tahoe.cfg
++ sed 's/nickname =/nickname = intro/'
++ sed 's/web.port =/web.port = 1337/'
++ mv tahoe02.cfg tahoe.cfg
++ tahoe start -C .
++++++ seq 4 6
+++++ for i in '`seq 4 6`'
+++++ scp 'tahoe01.local:~/tahoe-clients/introducer/introducer.furl' 'tahoe04.local:~/tahoe-clients/storagenode/'
+++++ for i in '`seq 4 6`'
+++++ scp 'tahoe01.local:~/tahoe-clients/introducer/introducer.furl' 'tahoe05.local:~/tahoe-clients/storagenode/'
+++++ for i in '`seq 4 6`'
+++++ scp 'tahoe01.local:~/tahoe-clients/introducer/introducer.furl' 'tahoe06.local:~/tahoe-clients/storagenode/'
++++++ seq 4 6
+++++ for i in '`seq 4 6`'
+++++ ssh -t tahoe04.local /home/eiriha/tahoe-svn/scripts/start_local_node.sh
Connection to tahoe04.local closed.
+++++ for i in '`seq 4 6`'
+++++ ssh -t tahoe05.local /home/eiriha/tahoe-svn/scripts/start_local_node.sh
Connection to tahoe05.local closed.
+++++ for i in '`seq 4 6`'
+++++ ssh -t tahoe06.local /home/eiriha/tahoe-svn/scripts/start_local_node.sh
Connection to tahoe06.local closed.
+++++ create_new_client
+++++ tahoe stop
+++++ rm -rf /home/eiriha/.tahoe/
+++++ tahoe create-client
+++++ scp 'tahoe01.local:~/tahoe-clients/introducer/introducer.furl' /home/eiriha/.tahoe
+++++ cd /home/eiriha/.tahoe/
+++++ cat tahoe.cfg
++++++ hostname
+++++ sed 's/nickname =/nickname = tahoe03/'
+++++ mv tahoe2.cfg tahoe.cfg
+++++ cat tahoe.cfg
+++++ sed 's/#shares.total = 10/shares.total = 3/'
+++++ sed 's/#shares.happy = 7/shares.happy = 3/'
+++++ sed 's/#shares.needed = 3/shares.needed = 2/'
+++++ mv tahoe02.cfg tahoe.cfg
+++++ tahoe start
+++++ create_alias
+++++ mkdir /home/eiriha/tahoe-store/
mkdir: cannot create directory `/home/eiriha/tahoe-store/': File exists
+++++ cd /home/eiriha/tahoe-store/
+++++ tahoe create-alias tahoe
mkdir: cannot create directory `./logs': File exists
mkdir: cannot create directory `/tmp/1b': File exists
mkdir: cannot create directory `/tmp/1kb': File exists
mkdir: cannot create directory `/tmp/1mb': File exists
mkdir: cannot create directory `/tmp/100mb': File exists
mkdir: cannot create directory `/tmp/1gb': File exists

real	18m54.680s
user	2m37.514s
sys	0m25.682s
Connection to tahoe01.local closed.
Connection to tahoe01.local closed.
Connection to tahoe03.local closed.
Connection to tahoe03.local closed.
Connection to tahoe04.local closed.
Connection to tahoe04.local closed.
Connection to tahoe05.local closed.
Connection to tahoe05.local closed.
Connection to tahoe06.local closed.
Connection to tahoe06.local closed.
++++++ seq 4 6
+++++ for i in '`seq 4 6`'
+++++ echo creating storage node on tahoe04
+++++ ssh tahoe04.local '~/tahoe-svn/scripts/local_make_storagenode.sh'
+++++ for i in '`seq 4 6`'
+++++ echo creating storage node on tahoe05
+++++ ssh tahoe05.local '~/tahoe-svn/scripts/local_make_storagenode.sh'
+++++ for i in '`seq 4 6`'
+++++ echo creating storage node on tahoe06
+++++ ssh tahoe06.local '~/tahoe-svn/scripts/local_make_storagenode.sh'
++ stop_introducer
++ cd /home/eiriha/tahoe-clients/introducer/
++ tahoe stop -C .
++ rm -rf /home/eiriha/tahoe-clients/introducer
++ create_new_introducer
++ cd /home/eiriha/tahoe-clients/
++ tahoe create-introducer introducer
++ cd introducer
++ cat tahoe.cfg
++ sed 's/web.port =/web.port = 1337/'
++ sed 's/nickname =/nickname = intro/'
++ mv tahoe02.cfg tahoe.cfg
++ tahoe start -C .
++++++ seq 4 6
+++++ for i in '`seq 4 6`'
+++++ scp 'tahoe01.local:~/tahoe-clients/introducer/introducer.furl' 'tahoe04.local:~/tahoe-clients/storagenode/'
+++++ for i in '`seq 4 6`'
+++++ scp 'tahoe01.local:~/tahoe-clients/introducer/introducer.furl' 'tahoe05.local:~/tahoe-clients/storagenode/'
+++++ for i in '`seq 4 6`'
+++++ scp 'tahoe01.local:~/tahoe-clients/introducer/introducer.furl' 'tahoe06.local:~/tahoe-clients/storagenode/'
++++++ seq 4 6
+++++ for i in '`seq 4 6`'
+++++ ssh -t tahoe04.local /home/eiriha/tahoe-svn/scripts/start_local_node.sh
Connection to tahoe04.local closed.
+++++ for i in '`seq 4 6`'
+++++ ssh -t tahoe05.local /home/eiriha/tahoe-svn/scripts/start_local_node.sh
Connection to tahoe05.local closed.
+++++ for i in '`seq 4 6`'
+++++ ssh -t tahoe06.local /home/eiriha/tahoe-svn/scripts/start_local_node.sh
Connection to tahoe06.local closed.
+++++ create_new_client
+++++ tahoe stop
+++++ rm -rf /home/eiriha/.tahoe/
+++++ tahoe create-client
+++++ scp 'tahoe01.local:~/tahoe-clients/introducer/introducer.furl' /home/eiriha/.tahoe
+++++ cd /home/eiriha/.tahoe/
+++++ cat tahoe.cfg
++++++ hostname
+++++ sed 's/nickname =/nickname = tahoe03/'
+++++ mv tahoe2.cfg tahoe.cfg
+++++ cat tahoe.cfg
+++++ sed 's/#shares.total = 10/shares.total = 3/'
+++++ sed 's/#shares.happy = 7/shares.happy = 3/'
+++++ sed 's/#shares.needed = 3/shares.needed = 2/'
+++++ mv tahoe02.cfg tahoe.cfg
+++++ tahoe start
+++++ create_alias
+++++ mkdir /home/eiriha/tahoe-store/
mkdir: cannot create directory `/home/eiriha/tahoe-store/': File exists
+++++ cd /home/eiriha/tahoe-store/
+++++ tahoe create-alias tahoe
mkdir: cannot create directory `./logs': File exists
mkdir: cannot create directory `/tmp/1b': File exists
mkdir: cannot create directory `/tmp/1kb': File exists
mkdir: cannot create directory `/tmp/1mb': File exists
mkdir: cannot create directory `/tmp/100mb': File exists
mkdir: cannot create directory `/tmp/1gb': File exists

real	19m30.403s
user	2m36.658s
sys	0m26.406s
Connection to tahoe01.local closed.
Connection to tahoe01.local closed.
Connection to tahoe03.local closed.
Connection to tahoe03.local closed.
Connection to tahoe04.local closed.
Connection to tahoe04.local closed.
Connection to tahoe05.local closed.
Connection to tahoe05.local closed.
Connection to tahoe06.local closed.
Connection to tahoe06.local closed.
++++++ seq 4 6
+++++ for i in '`seq 4 6`'
+++++ echo creating storage node on tahoe04
+++++ ssh tahoe04.local '~/tahoe-svn/scripts/local_make_storagenode.sh'
+++++ for i in '`seq 4 6`'
+++++ echo creating storage node on tahoe05
+++++ ssh tahoe05.local '~/tahoe-svn/scripts/local_make_storagenode.sh'
+++++ for i in '`seq 4 6`'
+++++ echo creating storage node on tahoe06
+++++ ssh tahoe06.local '~/tahoe-svn/scripts/local_make_storagenode.sh'
++ stop_introducer
++ cd /home/eiriha/tahoe-clients/introducer/
++ tahoe stop -C .
++ rm -rf /home/eiriha/tahoe-clients/introducer
++ create_new_introducer
++ cd /home/eiriha/tahoe-clients/
++ tahoe create-introducer introducer
++ cd introducer
++ cat tahoe.cfg
++ sed 's/nickname =/nickname = intro/'
++ sed 's/web.port =/web.port = 1337/'
++ mv tahoe02.cfg tahoe.cfg
++ tahoe start -C .
++++++ seq 4 6
+++++ for i in '`seq 4 6`'
+++++ scp 'tahoe01.local:~/tahoe-clients/introducer/introducer.furl' 'tahoe04.local:~/tahoe-clients/storagenode/'
+++++ for i in '`seq 4 6`'
+++++ scp 'tahoe01.local:~/tahoe-clients/introducer/introducer.furl' 'tahoe05.local:~/tahoe-clients/storagenode/'
+++++ for i in '`seq 4 6`'
+++++ scp 'tahoe01.local:~/tahoe-clients/introducer/introducer.furl' 'tahoe06.local:~/tahoe-clients/storagenode/'
++++++ seq 4 6
+++++ for i in '`seq 4 6`'
+++++ ssh -t tahoe04.local /home/eiriha/tahoe-svn/scripts/start_local_node.sh
Connection to tahoe04.local closed.
+++++ for i in '`seq 4 6`'
+++++ ssh -t tahoe05.local /home/eiriha/tahoe-svn/scripts/start_local_node.sh
Connection to tahoe05.local closed.
+++++ for i in '`seq 4 6`'
+++++ ssh -t tahoe06.local /home/eiriha/tahoe-svn/scripts/start_local_node.sh
Connection to tahoe06.local closed.
+++++ create_new_client
+++++ tahoe stop
+++++ rm -rf /home/eiriha/.tahoe/
+++++ tahoe create-client
+++++ scp 'tahoe01.local:~/tahoe-clients/introducer/introducer.furl' /home/eiriha/.tahoe
+++++ cd /home/eiriha/.tahoe/
+++++ cat tahoe.cfg
++++++ hostname
+++++ sed 's/nickname =/nickname = tahoe03/'
+++++ mv tahoe2.cfg tahoe.cfg
+++++ cat tahoe.cfg
+++++ sed 's/#shares.total = 10/shares.total = 3/'
+++++ sed 's/#shares.happy = 7/shares.happy = 3/'
+++++ sed 's/#shares.needed = 3/shares.needed = 2/'
+++++ mv tahoe02.cfg tahoe.cfg
+++++ tahoe start
+++++ create_alias
+++++ mkdir /home/eiriha/tahoe-store/
mkdir: cannot create directory `/home/eiriha/tahoe-store/': File exists
+++++ cd /home/eiriha/tahoe-store/
+++++ tahoe create-alias tahoe
mkdir: cannot create directory `./logs': File exists
mkdir: cannot create directory `/tmp/1b': File exists
mkdir: cannot create directory `/tmp/1kb': File exists
mkdir: cannot create directory `/tmp/1mb': File exists
mkdir: cannot create directory `/tmp/100mb': File exists
mkdir: cannot create directory `/tmp/1gb': File exists

real	23m49.261s
user	2m36.882s
sys	0m26.022s
Connection to tahoe01.local closed.
Connection to tahoe01.local closed.
Connection to tahoe03.local closed.
Connection to tahoe03.local closed.
Connection to tahoe04.local closed.
Connection to tahoe04.local closed.
Connection to tahoe05.local closed.
Connection to tahoe05.local closed.
Connection to tahoe06.local closed.
Connection to tahoe06.local closed.
++++++ seq 4 6
+++++ for i in '`seq 4 6`'
+++++ echo creating storage node on tahoe04
+++++ ssh tahoe04.local '~/tahoe-svn/scripts/local_make_storagenode.sh'
+++++ for i in '`seq 4 6`'
+++++ echo creating storage node on tahoe05
+++++ ssh tahoe05.local '~/tahoe-svn/scripts/local_make_storagenode.sh'
+++++ for i in '`seq 4 6`'
+++++ echo creating storage node on tahoe06
+++++ ssh tahoe06.local '~/tahoe-svn/scripts/local_make_storagenode.sh'
++ stop_introducer
++ cd /home/eiriha/tahoe-clients/introducer/
++ tahoe stop -C .
++ rm -rf /home/eiriha/tahoe-clients/introducer
++ create_new_introducer
++ cd /home/eiriha/tahoe-clients/
++ tahoe create-introducer introducer
++ cd introducer
++ cat tahoe.cfg
++ sed 's/web.port =/web.port = 1337/'
++ sed 's/nickname =/nickname = intro/'
++ mv tahoe02.cfg tahoe.cfg
++ tahoe start -C .
++++++ seq 4 6
+++++ for i in '`seq 4 6`'
+++++ scp 'tahoe01.local:~/tahoe-clients/introducer/introducer.furl' 'tahoe04.local:~/tahoe-clients/storagenode/'
+++++ for i in '`seq 4 6`'
+++++ scp 'tahoe01.local:~/tahoe-clients/introducer/introducer.furl' 'tahoe05.local:~/tahoe-clients/storagenode/'
+++++ for i in '`seq 4 6`'
+++++ scp 'tahoe01.local:~/tahoe-clients/introducer/introducer.furl' 'tahoe06.local:~/tahoe-clients/storagenode/'
++++++ seq 4 6
+++++ for i in '`seq 4 6`'
+++++ ssh -t tahoe04.local /home/eiriha/tahoe-svn/scripts/start_local_node.sh
Connection to tahoe04.local closed.
+++++ for i in '`seq 4 6`'
+++++ ssh -t tahoe05.local /home/eiriha/tahoe-svn/scripts/start_local_node.sh
Connection to tahoe05.local closed.
+++++ for i in '`seq 4 6`'
+++++ ssh -t tahoe06.local /home/eiriha/tahoe-svn/scripts/start_local_node.sh
Connection to tahoe06.local closed.
+++++ create_new_client
+++++ tahoe stop
+++++ rm -rf /home/eiriha/.tahoe/
+++++ tahoe create-client
+++++ scp 'tahoe01.local:~/tahoe-clients/introducer/introducer.furl' /home/eiriha/.tahoe
+++++ cd /home/eiriha/.tahoe/
+++++ cat tahoe.cfg
++++++ hostname
+++++ sed 's/nickname =/nickname = tahoe03/'
+++++ mv tahoe2.cfg tahoe.cfg
+++++ cat tahoe.cfg
+++++ sed 's/#shares.total = 10/shares.total = 3/'
+++++ sed 's/#shares.happy = 7/shares.happy = 3/'
+++++ sed 's/#shares.needed = 3/shares.needed = 2/'
+++++ mv tahoe02.cfg tahoe.cfg
+++++ tahoe start
+++++ create_alias
+++++ mkdir /home/eiriha/tahoe-store/
mkdir: cannot create directory `/home/eiriha/tahoe-store/': File exists
+++++ cd /home/eiriha/tahoe-store/
+++++ tahoe create-alias tahoe
mkdir: cannot create directory `./logs': File exists
mkdir: cannot create directory `/tmp/1b': File exists
mkdir: cannot create directory `/tmp/1kb': File exists
mkdir: cannot create directory `/tmp/1mb': File exists
mkdir: cannot create directory `/tmp/100mb': File exists
mkdir: cannot create directory `/tmp/1gb': File exists

real	22m52.823s
user	2m37.038s
sys	0m25.758s
Connection to tahoe01.local closed.
Connection to tahoe01.local closed.
Connection to tahoe03.local closed.
Connection to tahoe03.local closed.
Connection to tahoe04.local closed.
Connection to tahoe04.local closed.
Connection to tahoe05.local closed.
Connection to tahoe05.local closed.
Connection to tahoe06.local closed.
Connection to tahoe06.local closed.
++++++ seq 4 6
+++++ for i in '`seq 4 6`'
+++++ echo creating storage node on tahoe04
+++++ ssh tahoe04.local '~/tahoe-svn/scripts/local_make_storagenode.sh'
+++++ for i in '`seq 4 6`'
+++++ echo creating storage node on tahoe05
+++++ ssh tahoe05.local '~/tahoe-svn/scripts/local_make_storagenode.sh'
+++++ for i in '`seq 4 6`'
+++++ echo creating storage node on tahoe06
+++++ ssh tahoe06.local '~/tahoe-svn/scripts/local_make_storagenode.sh'
++ stop_introducer
++ cd /home/eiriha/tahoe-clients/introducer/
++ tahoe stop -C .
++ rm -rf /home/eiriha/tahoe-clients/introducer
++ create_new_introducer
++ cd /home/eiriha/tahoe-clients/
++ tahoe create-introducer introducer
++ cd introducer
++ cat tahoe.cfg
++ sed 's/nickname =/nickname = intro/'
++ sed 's/web.port =/web.port = 1337/'
++ mv tahoe02.cfg tahoe.cfg
++ tahoe start -C .
++++++ seq 4 6
+++++ for i in '`seq 4 6`'
+++++ scp 'tahoe01.local:~/tahoe-clients/introducer/introducer.furl' 'tahoe04.local:~/tahoe-clients/storagenode/'
+++++ for i in '`seq 4 6`'
+++++ scp 'tahoe01.local:~/tahoe-clients/introducer/introducer.furl' 'tahoe05.local:~/tahoe-clients/storagenode/'
+++++ for i in '`seq 4 6`'
+++++ scp 'tahoe01.local:~/tahoe-clients/introducer/introducer.furl' 'tahoe06.local:~/tahoe-clients/storagenode/'
++++++ seq 4 6
+++++ for i in '`seq 4 6`'
+++++ ssh -t tahoe04.local /home/eiriha/tahoe-svn/scripts/start_local_node.sh
Connection to tahoe04.local closed.
+++++ for i in '`seq 4 6`'
+++++ ssh -t tahoe05.local /home/eiriha/tahoe-svn/scripts/start_local_node.sh
Connection to tahoe05.local closed.
+++++ for i in '`seq 4 6`'
+++++ ssh -t tahoe06.local /home/eiriha/tahoe-svn/scripts/start_local_node.sh
Connection to tahoe06.local closed.
+++++ create_new_client
+++++ tahoe stop
+++++ rm -rf /home/eiriha/.tahoe/
+++++ tahoe create-client
+++++ scp 'tahoe01.local:~/tahoe-clients/introducer/introducer.furl' /home/eiriha/.tahoe
+++++ cd /home/eiriha/.tahoe/
+++++ cat tahoe.cfg
++++++ hostname
+++++ sed 's/nickname =/nickname = tahoe03/'
+++++ mv tahoe2.cfg tahoe.cfg
+++++ cat tahoe.cfg
+++++ sed 's/#shares.happy = 7/shares.happy = 3/'
+++++ sed 's/#shares.total = 10/shares.total = 3/'
+++++ sed 's/#shares.needed = 3/shares.needed = 2/'
+++++ mv tahoe02.cfg tahoe.cfg
+++++ tahoe start
+++++ create_alias
+++++ mkdir /home/eiriha/tahoe-store/
mkdir: cannot create directory `/home/eiriha/tahoe-store/': File exists
+++++ cd /home/eiriha/tahoe-store/
+++++ tahoe create-alias tahoe
mkdir: cannot create directory `./logs': File exists
mkdir: cannot create directory `/tmp/1b': File exists
mkdir: cannot create directory `/tmp/1kb': File exists
mkdir: cannot create directory `/tmp/1mb': File exists
mkdir: cannot create directory `/tmp/100mb': File exists
mkdir: cannot create directory `/tmp/1gb': File exists

real	21m47.792s
user	2m37.382s
sys	0m25.638s
Connection to tahoe01.local closed.
Connection to tahoe01.local closed.
Connection to tahoe03.local closed.
Connection to tahoe03.local closed.
Connection to tahoe04.local closed.
Connection to tahoe04.local closed.
Connection to tahoe05.local closed.
Connection to tahoe05.local closed.
Connection to tahoe06.local closed.
Connection to tahoe06.local closed.
++++++ seq 4 6
+++++ for i in '`seq 4 6`'
+++++ echo creating storage node on tahoe04
+++++ ssh tahoe04.local '~/tahoe-svn/scripts/local_make_storagenode.sh'
+++++ for i in '`seq 4 6`'
+++++ echo creating storage node on tahoe05
+++++ ssh tahoe05.local '~/tahoe-svn/scripts/local_make_storagenode.sh'
+++++ for i in '`seq 4 6`'
+++++ echo creating storage node on tahoe06
+++++ ssh tahoe06.local '~/tahoe-svn/scripts/local_make_storagenode.sh'
++ stop_introducer
++ cd /home/eiriha/tahoe-clients/introducer/
++ tahoe stop -C .
++ rm -rf /home/eiriha/tahoe-clients/introducer
++ create_new_introducer
++ cd /home/eiriha/tahoe-clients/
++ tahoe create-introducer introducer
++ cd introducer
++ cat tahoe.cfg
++ sed 's/web.port =/web.port = 1337/'
++ sed 's/nickname =/nickname = intro/'
++ mv tahoe02.cfg tahoe.cfg
++ tahoe start -C .
++++++ seq 4 6
+++++ for i in '`seq 4 6`'
+++++ scp 'tahoe01.local:~/tahoe-clients/introducer/introducer.furl' 'tahoe04.local:~/tahoe-clients/storagenode/'
+++++ for i in '`seq 4 6`'
+++++ scp 'tahoe01.local:~/tahoe-clients/introducer/introducer.furl' 'tahoe05.local:~/tahoe-clients/storagenode/'
+++++ for i in '`seq 4 6`'
+++++ scp 'tahoe01.local:~/tahoe-clients/introducer/introducer.furl' 'tahoe06.local:~/tahoe-clients/storagenode/'
++++++ seq 4 6
+++++ for i in '`seq 4 6`'
+++++ ssh -t tahoe04.local /home/eiriha/tahoe-svn/scripts/start_local_node.sh
Connection to tahoe04.local closed.
+++++ for i in '`seq 4 6`'
+++++ ssh -t tahoe05.local /home/eiriha/tahoe-svn/scripts/start_local_node.sh
Connection to tahoe05.local closed.
+++++ for i in '`seq 4 6`'
+++++ ssh -t tahoe06.local /home/eiriha/tahoe-svn/scripts/start_local_node.sh
Connection to tahoe06.local closed.
+++++ create_new_client
+++++ tahoe stop
+++++ rm -rf /home/eiriha/.tahoe/
+++++ tahoe create-client
+++++ scp 'tahoe01.local:~/tahoe-clients/introducer/introducer.furl' /home/eiriha/.tahoe
+++++ cd /home/eiriha/.tahoe/
+++++ cat tahoe.cfg
++++++ hostname
+++++ sed 's/nickname =/nickname = tahoe03/'
+++++ mv tahoe2.cfg tahoe.cfg
+++++ cat tahoe.cfg
+++++ sed 's/#shares.happy = 7/shares.happy = 3/'
+++++ sed 's/#shares.total = 10/shares.total = 3/'
+++++ sed 's/#shares.needed = 3/shares.needed = 2/'
+++++ mv tahoe02.cfg tahoe.cfg
+++++ tahoe start
+++++ create_alias
+++++ mkdir /home/eiriha/tahoe-store/
mkdir: cannot create directory `/home/eiriha/tahoe-store/': File exists
+++++ cd /home/eiriha/tahoe-store/
+++++ tahoe create-alias tahoe
mkdir: cannot create directory `./logs': File exists
mkdir: cannot create directory `/tmp/1b': File exists
mkdir: cannot create directory `/tmp/1kb': File exists
mkdir: cannot create directory `/tmp/1mb': File exists
mkdir: cannot create directory `/tmp/100mb': File exists
mkdir: cannot create directory `/tmp/1gb': File exists

real	25m39.567s
user	2m36.886s
sys	0m25.666s
Connection to tahoe01.local closed.
Connection to tahoe01.local closed.
Connection to tahoe03.local closed.
Connection to tahoe03.local closed.
Connection to tahoe04.local closed.
Connection to tahoe04.local closed.
Connection to tahoe05.local closed.
Connection to tahoe05.local closed.
Connection to tahoe06.local closed.
Connection to tahoe06.local closed.
++++++ seq 4 6
+++++ for i in '`seq 4 6`'
+++++ echo creating storage node on tahoe04
+++++ ssh tahoe04.local '~/tahoe-svn/scripts/local_make_storagenode.sh'
+++++ for i in '`seq 4 6`'
+++++ echo creating storage node on tahoe05
+++++ ssh tahoe05.local '~/tahoe-svn/scripts/local_make_storagenode.sh'
+++++ for i in '`seq 4 6`'
+++++ echo creating storage node on tahoe06
+++++ ssh tahoe06.local '~/tahoe-svn/scripts/local_make_storagenode.sh'
++ stop_introducer
++ cd /home/eiriha/tahoe-clients/introducer/
++ tahoe stop -C .
++ rm -rf /home/eiriha/tahoe-clients/introducer
++ create_new_introducer
++ cd /home/eiriha/tahoe-clients/
++ tahoe create-introducer introducer
++ cd introducer
++ cat tahoe.cfg
++ sed 's/nickname =/nickname = intro/'
++ sed 's/web.port =/web.port = 1337/'
++ mv tahoe02.cfg tahoe.cfg
++ tahoe start -C .
++++++ seq 4 6
+++++ for i in '`seq 4 6`'
+++++ scp 'tahoe01.local:~/tahoe-clients/introducer/introducer.furl' 'tahoe04.local:~/tahoe-clients/storagenode/'
+++++ for i in '`seq 4 6`'
+++++ scp 'tahoe01.local:~/tahoe-clients/introducer/introducer.furl' 'tahoe05.local:~/tahoe-clients/storagenode/'
+++++ for i in '`seq 4 6`'
+++++ scp 'tahoe01.local:~/tahoe-clients/introducer/introducer.furl' 'tahoe06.local:~/tahoe-clients/storagenode/'
++++++ seq 4 6
+++++ for i in '`seq 4 6`'
+++++ ssh -t tahoe04.local /home/eiriha/tahoe-svn/scripts/start_local_node.sh
Connection to tahoe04.local closed.
+++++ for i in '`seq 4 6`'
+++++ ssh -t tahoe05.local /home/eiriha/tahoe-svn/scripts/start_local_node.sh
Connection to tahoe05.local closed.
+++++ for i in '`seq 4 6`'
+++++ ssh -t tahoe06.local /home/eiriha/tahoe-svn/scripts/start_local_node.sh
Connection to tahoe06.local closed.
+++++ create_new_client
+++++ tahoe stop
+++++ rm -rf /home/eiriha/.tahoe/
+++++ tahoe create-client
+++++ scp 'tahoe01.local:~/tahoe-clients/introducer/introducer.furl' /home/eiriha/.tahoe
+++++ cd /home/eiriha/.tahoe/
+++++ cat tahoe.cfg
++++++ hostname
+++++ sed 's/nickname =/nickname = tahoe03/'
+++++ mv tahoe2.cfg tahoe.cfg
+++++ cat tahoe.cfg
+++++ sed 's/#shares.total = 10/shares.total = 3/'
+++++ sed 's/#shares.happy = 7/shares.happy = 3/'
+++++ sed 's/#shares.needed = 3/shares.needed = 2/'
+++++ mv tahoe02.cfg tahoe.cfg
+++++ tahoe start
+++++ create_alias
+++++ mkdir /home/eiriha/tahoe-store/
mkdir: cannot create directory `/home/eiriha/tahoe-store/': File exists
+++++ cd /home/eiriha/tahoe-store/
+++++ tahoe create-alias tahoe
mkdir: cannot create directory `./logs': File exists
mkdir: cannot create directory `/tmp/1b': File exists
mkdir: cannot create directory `/tmp/1kb': File exists
mkdir: cannot create directory `/tmp/1mb': File exists
mkdir: cannot create directory `/tmp/100mb': File exists
mkdir: cannot create directory `/tmp/1gb': File exists

real	20m51.810s
user	2m37.286s
sys	0m25.602s
Connection to tahoe01.local closed.
Connection to tahoe01.local closed.
Connection to tahoe03.local closed.
Connection to tahoe03.local closed.
Connection to tahoe04.local closed.
Connection to tahoe04.local closed.
Connection to tahoe05.local closed.
Connection to tahoe05.local closed.
Connection to tahoe06.local closed.
Connection to tahoe06.local closed.
++++++ seq 4 6
+++++ for i in '`seq 4 6`'
+++++ echo creating storage node on tahoe04
+++++ ssh tahoe04.local '~/tahoe-svn/scripts/local_make_storagenode.sh'
+++++ for i in '`seq 4 6`'
+++++ echo creating storage node on tahoe05
+++++ ssh tahoe05.local '~/tahoe-svn/scripts/local_make_storagenode.sh'
+++++ for i in '`seq 4 6`'
+++++ echo creating storage node on tahoe06
+++++ ssh tahoe06.local '~/tahoe-svn/scripts/local_make_storagenode.sh'
++ stop_introducer
++ cd /home/eiriha/tahoe-clients/introducer/
++ tahoe stop -C .
++ rm -rf /home/eiriha/tahoe-clients/introducer
++ create_new_introducer
++ cd /home/eiriha/tahoe-clients/
++ tahoe create-introducer introducer
++ cd introducer
++ cat tahoe.cfg
++ sed 's/web.port =/web.port = 1337/'
++ sed 's/nickname =/nickname = intro/'
++ mv tahoe02.cfg tahoe.cfg
++ tahoe start -C .
++++++ seq 4 6
+++++ for i in '`seq 4 6`'
+++++ scp 'tahoe01.local:~/tahoe-clients/introducer/introducer.furl' 'tahoe04.local:~/tahoe-clients/storagenode/'
+++++ for i in '`seq 4 6`'
+++++ scp 'tahoe01.local:~/tahoe-clients/introducer/introducer.furl' 'tahoe05.local:~/tahoe-clients/storagenode/'
+++++ for i in '`seq 4 6`'
+++++ scp 'tahoe01.local:~/tahoe-clients/introducer/introducer.furl' 'tahoe06.local:~/tahoe-clients/storagenode/'
++++++ seq 4 6
+++++ for i in '`seq 4 6`'
+++++ ssh -t tahoe04.local /home/eiriha/tahoe-svn/scripts/start_local_node.sh
Connection to tahoe04.local closed.
+++++ for i in '`seq 4 6`'
+++++ ssh -t tahoe05.local /home/eiriha/tahoe-svn/scripts/start_local_node.sh
Connection to tahoe05.local closed.
+++++ for i in '`seq 4 6`'
+++++ ssh -t tahoe06.local /home/eiriha/tahoe-svn/scripts/start_local_node.sh
Connection to tahoe06.local closed.
+++++ create_new_client
+++++ tahoe stop
+++++ rm -rf /home/eiriha/.tahoe/
+++++ tahoe create-client
+++++ scp 'tahoe01.local:~/tahoe-clients/introducer/introducer.furl' /home/eiriha/.tahoe
+++++ cd /home/eiriha/.tahoe/
+++++ cat tahoe.cfg
++++++ hostname
+++++ sed 's/nickname =/nickname = tahoe03/'
+++++ mv tahoe2.cfg tahoe.cfg
+++++ cat tahoe.cfg
+++++ sed 's/#shares.total = 10/shares.total = 3/'
+++++ sed 's/#shares.happy = 7/shares.happy = 3/'
+++++ sed 's/#shares.needed = 3/shares.needed = 2/'
+++++ mv tahoe02.cfg tahoe.cfg
+++++ tahoe start
+++++ create_alias
+++++ mkdir /home/eiriha/tahoe-store/
mkdir: cannot create directory `/home/eiriha/tahoe-store/': File exists
+++++ cd /home/eiriha/tahoe-store/
+++++ tahoe create-alias tahoe
mkdir: cannot create directory `./logs': File exists
mkdir: cannot create directory `/tmp/1b': File exists
mkdir: cannot create directory `/tmp/1kb': File exists
mkdir: cannot create directory `/tmp/1mb': File exists
mkdir: cannot create directory `/tmp/100mb': File exists
mkdir: cannot create directory `/tmp/1gb': File exists

real	27m42.301s
user	2m37.418s
sys	0m24.862s
Connection to tahoe01.local closed.
Connection to tahoe01.local closed.
Connection to tahoe03.local closed.
Connection to tahoe03.local closed.
Connection to tahoe04.local closed.
Connection to tahoe04.local closed.
Connection to tahoe05.local closed.
Connection to tahoe05.local closed.
Connection to tahoe06.local closed.
Connection to tahoe06.local closed.
++++++ seq 4 6
+++++ for i in '`seq 4 6`'
+++++ echo creating storage node on tahoe04
+++++ ssh tahoe04.local '~/tahoe-svn/scripts/local_make_storagenode.sh'
+++++ for i in '`seq 4 6`'
+++++ echo creating storage node on tahoe05
+++++ ssh tahoe05.local '~/tahoe-svn/scripts/local_make_storagenode.sh'
+++++ for i in '`seq 4 6`'
+++++ echo creating storage node on tahoe06
+++++ ssh tahoe06.local '~/tahoe-svn/scripts/local_make_storagenode.sh'
++ stop_introducer
++ cd /home/eiriha/tahoe-clients/introducer/
++ tahoe stop -C .
++ rm -rf /home/eiriha/tahoe-clients/introducer
++ create_new_introducer
++ cd /home/eiriha/tahoe-clients/
++ tahoe create-introducer introducer
++ cd introducer
++ cat tahoe.cfg
++ sed 's/nickname =/nickname = intro/'
++ sed 's/web.port =/web.port = 1337/'
++ mv tahoe02.cfg tahoe.cfg
++ tahoe start -C .
++++++ seq 4 6
+++++ for i in '`seq 4 6`'
+++++ scp 'tahoe01.local:~/tahoe-clients/introducer/introducer.furl' 'tahoe04.local:~/tahoe-clients/storagenode/'
+++++ for i in '`seq 4 6`'
+++++ scp 'tahoe01.local:~/tahoe-clients/introducer/introducer.furl' 'tahoe05.local:~/tahoe-clients/storagenode/'
+++++ for i in '`seq 4 6`'
+++++ scp 'tahoe01.local:~/tahoe-clients/introducer/introducer.furl' 'tahoe06.local:~/tahoe-clients/storagenode/'
++++++ seq 4 6
+++++ for i in '`seq 4 6`'
+++++ ssh -t tahoe04.local /home/eiriha/tahoe-svn/scripts/start_local_node.sh
Connection to tahoe04.local closed.
+++++ for i in '`seq 4 6`'
+++++ ssh -t tahoe05.local /home/eiriha/tahoe-svn/scripts/start_local_node.sh
Connection to tahoe05.local closed.
+++++ for i in '`seq 4 6`'
+++++ ssh -t tahoe06.local /home/eiriha/tahoe-svn/scripts/start_local_node.sh
Connection to tahoe06.local closed.
+++++ create_new_client
+++++ tahoe stop
+++++ rm -rf /home/eiriha/.tahoe/
+++++ tahoe create-client
+++++ scp 'tahoe01.local:~/tahoe-clients/introducer/introducer.furl' /home/eiriha/.tahoe
+++++ cd /home/eiriha/.tahoe/
+++++ cat tahoe.cfg
++++++ hostname
+++++ sed 's/nickname =/nickname = tahoe03/'
+++++ mv tahoe2.cfg tahoe.cfg
+++++ cat tahoe.cfg
+++++ sed 's/#shares.total = 10/shares.total = 3/'
+++++ sed 's/#shares.happy = 7/shares.happy = 3/'
+++++ sed 's/#shares.needed = 3/shares.needed = 2/'
+++++ mv tahoe02.cfg tahoe.cfg
+++++ tahoe start
+++++ create_alias
+++++ mkdir /home/eiriha/tahoe-store/
mkdir: cannot create directory `/home/eiriha/tahoe-store/': File exists
+++++ cd /home/eiriha/tahoe-store/
+++++ tahoe create-alias tahoe
mkdir: cannot create directory `./logs': File exists
mkdir: cannot create directory `/tmp/1b': File exists
mkdir: cannot create directory `/tmp/1kb': File exists
mkdir: cannot create directory `/tmp/1mb': File exists
mkdir: cannot create directory `/tmp/100mb': File exists
mkdir: cannot create directory `/tmp/1gb': File exists

real	20m3.297s
user	2m37.306s
sys	0m25.746s
Connection to tahoe01.local closed.
Connection to tahoe01.local closed.
Connection to tahoe03.local closed.
Connection to tahoe03.local closed.
Connection to tahoe04.local closed.
Connection to tahoe04.local closed.
Connection to tahoe05.local closed.
Connection to tahoe05.local closed.
Connection to tahoe06.local closed.
Connection to tahoe06.local closed.
++++++ seq 4 6
+++++ for i in '`seq 4 6`'
+++++ echo creating storage node on tahoe04
+++++ ssh tahoe04.local '~/tahoe-svn/scripts/local_make_storagenode.sh'
+++++ for i in '`seq 4 6`'
+++++ echo creating storage node on tahoe05
+++++ ssh tahoe05.local '~/tahoe-svn/scripts/local_make_storagenode.sh'
+++++ for i in '`seq 4 6`'
+++++ echo creating storage node on tahoe06
+++++ ssh tahoe06.local '~/tahoe-svn/scripts/local_make_storagenode.sh'
++ stop_introducer
++ cd /home/eiriha/tahoe-clients/introducer/
++ tahoe stop -C .
++ rm -rf /home/eiriha/tahoe-clients/introducer
++ create_new_introducer
++ cd /home/eiriha/tahoe-clients/
++ tahoe create-introducer introducer
++ cd introducer
++ cat tahoe.cfg
++ sed 's/nickname =/nickname = intro/'
++ sed 's/web.port =/web.port = 1337/'
++ mv tahoe02.cfg tahoe.cfg
++ tahoe start -C .
++++++ seq 4 6
+++++ for i in '`seq 4 6`'
+++++ scp 'tahoe01.local:~/tahoe-clients/introducer/introducer.furl' 'tahoe04.local:~/tahoe-clients/storagenode/'
+++++ for i in '`seq 4 6`'
+++++ scp 'tahoe01.local:~/tahoe-clients/introducer/introducer.furl' 'tahoe05.local:~/tahoe-clients/storagenode/'
+++++ for i in '`seq 4 6`'
+++++ scp 'tahoe01.local:~/tahoe-clients/introducer/introducer.furl' 'tahoe06.local:~/tahoe-clients/storagenode/'
++++++ seq 4 6
+++++ for i in '`seq 4 6`'
+++++ ssh -t tahoe04.local /home/eiriha/tahoe-svn/scripts/start_local_node.sh
Connection to tahoe04.local closed.
+++++ for i in '`seq 4 6`'
+++++ ssh -t tahoe05.local /home/eiriha/tahoe-svn/scripts/start_local_node.sh
Connection to tahoe05.local closed.
+++++ for i in '`seq 4 6`'
+++++ ssh -t tahoe06.local /home/eiriha/tahoe-svn/scripts/start_local_node.sh
Connection to tahoe06.local closed.
+++++ create_new_client
+++++ tahoe stop
+++++ rm -rf /home/eiriha/.tahoe/
+++++ tahoe create-client
+++++ scp 'tahoe01.local:~/tahoe-clients/introducer/introducer.furl' /home/eiriha/.tahoe
+++++ cd /home/eiriha/.tahoe/
+++++ cat tahoe.cfg
++++++ hostname
+++++ sed 's/nickname =/nickname = tahoe03/'
+++++ mv tahoe2.cfg tahoe.cfg
+++++ cat tahoe.cfg
+++++ sed 's/#shares.total = 10/shares.total = 3/'
+++++ sed 's/#shares.happy = 7/shares.happy = 3/'
+++++ sed 's/#shares.needed = 3/shares.needed = 2/'
+++++ mv tahoe02.cfg tahoe.cfg
+++++ tahoe start
+++++ create_alias
+++++ mkdir /home/eiriha/tahoe-store/
mkdir: cannot create directory `/home/eiriha/tahoe-store/': File exists
+++++ cd /home/eiriha/tahoe-store/
+++++ tahoe create-alias tahoe
mkdir: cannot create directory `./logs': File exists
mkdir: cannot create directory `/tmp/1b': File exists
mkdir: cannot create directory `/tmp/1kb': File exists
mkdir: cannot create directory `/tmp/1mb': File exists
mkdir: cannot create directory `/tmp/100mb': File exists
mkdir: cannot create directory `/tmp/1gb': File exists

real	19m39.083s
user	2m37.374s
sys	0m25.558s
Connection to tahoe01.local closed.
Connection to tahoe01.local closed.
Connection to tahoe03.local closed.
Connection to tahoe03.local closed.
Connection to tahoe04.local closed.
Connection to tahoe04.local closed.
Connection to tahoe05.local closed.
Connection to tahoe05.local closed.
Connection to tahoe06.local closed.
Connection to tahoe06.local closed.
++++++ seq 4 6
+++++ for i in '`seq 4 6`'
+++++ echo creating storage node on tahoe04
+++++ ssh tahoe04.local '~/tahoe-svn/scripts/local_make_storagenode.sh'
+++++ for i in '`seq 4 6`'
+++++ echo creating storage node on tahoe05
+++++ ssh tahoe05.local '~/tahoe-svn/scripts/local_make_storagenode.sh'
+++++ for i in '`seq 4 6`'
+++++ echo creating storage node on tahoe06
+++++ ssh tahoe06.local '~/tahoe-svn/scripts/local_make_storagenode.sh'
++ stop_introducer
++ cd /home/eiriha/tahoe-clients/introducer/
++ tahoe stop -C .
++ rm -rf /home/eiriha/tahoe-clients/introducer
++ create_new_introducer
++ cd /home/eiriha/tahoe-clients/
++ tahoe create-introducer introducer
++ cd introducer
++ cat tahoe.cfg
++ sed 's/nickname =/nickname = intro/'
++ sed 's/web.port =/web.port = 1337/'
++ mv tahoe02.cfg tahoe.cfg
++ tahoe start -C .
++++++ seq 4 6
+++++ for i in '`seq 4 6`'
+++++ scp 'tahoe01.local:~/tahoe-clients/introducer/introducer.furl' 'tahoe04.local:~/tahoe-clients/storagenode/'
+++++ for i in '`seq 4 6`'
+++++ scp 'tahoe01.local:~/tahoe-clients/introducer/introducer.furl' 'tahoe05.local:~/tahoe-clients/storagenode/'
+++++ for i in '`seq 4 6`'
+++++ scp 'tahoe01.local:~/tahoe-clients/introducer/introducer.furl' 'tahoe06.local:~/tahoe-clients/storagenode/'
++++++ seq 4 6
+++++ for i in '`seq 4 6`'
+++++ ssh -t tahoe04.local /home/eiriha/tahoe-svn/scripts/start_local_node.sh
Connection to tahoe04.local closed.
+++++ for i in '`seq 4 6`'
+++++ ssh -t tahoe05.local /home/eiriha/tahoe-svn/scripts/start_local_node.sh
Connection to tahoe05.local closed.
+++++ for i in '`seq 4 6`'
+++++ ssh -t tahoe06.local /home/eiriha/tahoe-svn/scripts/start_local_node.sh
Connection to tahoe06.local closed.
+++++ create_new_client
+++++ tahoe stop
+++++ rm -rf /home/eiriha/.tahoe/
+++++ tahoe create-client
+++++ scp 'tahoe01.local:~/tahoe-clients/introducer/introducer.furl' /home/eiriha/.tahoe
+++++ cd /home/eiriha/.tahoe/
+++++ cat tahoe.cfg
++++++ hostname
+++++ sed 's/nickname =/nickname = tahoe03/'
+++++ mv tahoe2.cfg tahoe.cfg
+++++ cat tahoe.cfg
+++++ sed 's/#shares.total = 10/shares.total = 3/'
+++++ sed 's/#shares.happy = 7/shares.happy = 3/'
+++++ sed 's/#shares.needed = 3/shares.needed = 2/'
+++++ mv tahoe02.cfg tahoe.cfg
+++++ tahoe start
+++++ create_alias
+++++ mkdir /home/eiriha/tahoe-store/
mkdir: cannot create directory `/home/eiriha/tahoe-store/': File exists
+++++ cd /home/eiriha/tahoe-store/
+++++ tahoe create-alias tahoe
mkdir: cannot create directory `./logs': File exists
mkdir: cannot create directory `/tmp/1b': File exists
mkdir: cannot create directory `/tmp/1kb': File exists
mkdir: cannot create directory `/tmp/1mb': File exists
mkdir: cannot create directory `/tmp/100mb': File exists
mkdir: cannot create directory `/tmp/1gb': File exists

real	19m18.080s
user	2m37.502s
sys	0m25.462s
Connection to tahoe01.local closed.
Connection to tahoe01.local closed.
Connection to tahoe03.local closed.
Connection to tahoe03.local closed.
Connection to tahoe04.local closed.
Connection to tahoe04.local closed.
Connection to tahoe05.local closed.
Connection to tahoe05.local closed.
Connection to tahoe06.local closed.
Connection to tahoe06.local closed.
++++++ seq 4 6
+++++ for i in '`seq 4 6`'
+++++ echo creating storage node on tahoe04
+++++ ssh tahoe04.local '~/tahoe-svn/scripts/local_make_storagenode.sh'
+++++ for i in '`seq 4 6`'
+++++ echo creating storage node on tahoe05
+++++ ssh tahoe05.local '~/tahoe-svn/scripts/local_make_storagenode.sh'
+++++ for i in '`seq 4 6`'
+++++ echo creating storage node on tahoe06
+++++ ssh tahoe06.local '~/tahoe-svn/scripts/local_make_storagenode.sh'
++ stop_introducer
++ cd /home/eiriha/tahoe-clients/introducer/
++ tahoe stop -C .
++ rm -rf /home/eiriha/tahoe-clients/introducer
++ create_new_introducer
++ cd /home/eiriha/tahoe-clients/
++ tahoe create-introducer introducer
++ cd introducer
++ cat tahoe.cfg
++ sed 's/nickname =/nickname = intro/'
++ sed 's/web.port =/web.port = 1337/'
++ mv tahoe02.cfg tahoe.cfg
++ tahoe start -C .
++++++ seq 4 6
+++++ for i in '`seq 4 6`'
+++++ scp 'tahoe01.local:~/tahoe-clients/introducer/introducer.furl' 'tahoe04.local:~/tahoe-clients/storagenode/'
+++++ for i in '`seq 4 6`'
+++++ scp 'tahoe01.local:~/tahoe-clients/introducer/introducer.furl' 'tahoe05.local:~/tahoe-clients/storagenode/'
+++++ for i in '`seq 4 6`'
+++++ scp 'tahoe01.local:~/tahoe-clients/introducer/introducer.furl' 'tahoe06.local:~/tahoe-clients/storagenode/'
++++++ seq 4 6
+++++ for i in '`seq 4 6`'
+++++ ssh -t tahoe04.local /home/eiriha/tahoe-svn/scripts/start_local_node.sh
Connection to tahoe04.local closed.
+++++ for i in '`seq 4 6`'
+++++ ssh -t tahoe05.local /home/eiriha/tahoe-svn/scripts/start_local_node.sh
Connection to tahoe05.local closed.
+++++ for i in '`seq 4 6`'
+++++ ssh -t tahoe06.local /home/eiriha/tahoe-svn/scripts/start_local_node.sh
Connection to tahoe06.local closed.
+++++ create_new_client
+++++ tahoe stop
+++++ rm -rf /home/eiriha/.tahoe/
+++++ tahoe create-client
+++++ scp 'tahoe01.local:~/tahoe-clients/introducer/introducer.furl' /home/eiriha/.tahoe
+++++ cd /home/eiriha/.tahoe/
+++++ cat tahoe.cfg
++++++ hostname
+++++ sed 's/nickname =/nickname = tahoe03/'
+++++ mv tahoe2.cfg tahoe.cfg
+++++ cat tahoe.cfg
+++++ sed 's/#shares.total = 10/shares.total = 3/'
+++++ sed 's/#shares.happy = 7/shares.happy = 3/'
+++++ sed 's/#shares.needed = 3/shares.needed = 2/'
+++++ mv tahoe02.cfg tahoe.cfg
+++++ tahoe start
+++++ create_alias
+++++ mkdir /home/eiriha/tahoe-store/
mkdir: cannot create directory `/home/eiriha/tahoe-store/': File exists
+++++ cd /home/eiriha/tahoe-store/
+++++ tahoe create-alias tahoe
mkdir: cannot create directory `./logs': File exists
mkdir: cannot create directory `/tmp/1b': File exists
mkdir: cannot create directory `/tmp/1kb': File exists
mkdir: cannot create directory `/tmp/1mb': File exists
mkdir: cannot create directory `/tmp/100mb': File exists
mkdir: cannot create directory `/tmp/1gb': File exists

real	20m26.983s
user	2m36.814s
sys	0m26.242s
Connection to tahoe01.local closed.
Connection to tahoe01.local closed.
Connection to tahoe03.local closed.
Connection to tahoe03.local closed.
Connection to tahoe04.local closed.
Connection to tahoe04.local closed.
Connection to tahoe05.local closed.
Connection to tahoe05.local closed.
Connection to tahoe06.local closed.
Connection to tahoe06.local closed.
++++++ seq 4 6
+++++ for i in '`seq 4 6`'
+++++ echo creating storage node on tahoe04
+++++ ssh tahoe04.local '~/tahoe-svn/scripts/local_make_storagenode.sh'
+++++ for i in '`seq 4 6`'
+++++ echo creating storage node on tahoe05
+++++ ssh tahoe05.local '~/tahoe-svn/scripts/local_make_storagenode.sh'
+++++ for i in '`seq 4 6`'
+++++ echo creating storage node on tahoe06
+++++ ssh tahoe06.local '~/tahoe-svn/scripts/local_make_storagenode.sh'
++ stop_introducer
++ cd /home/eiriha/tahoe-clients/introducer/
++ tahoe stop -C .
++ rm -rf /home/eiriha/tahoe-clients/introducer
++ create_new_introducer
++ cd /home/eiriha/tahoe-clients/
++ tahoe create-introducer introducer
++ cd introducer
++ sed 's/nickname =/nickname = intro/'
++ sed 's/web.port =/web.port = 1337/'
++ cat tahoe.cfg
++ mv tahoe02.cfg tahoe.cfg
++ tahoe start -C .
++++++ seq 4 6
+++++ for i in '`seq 4 6`'
+++++ scp 'tahoe01.local:~/tahoe-clients/introducer/introducer.furl' 'tahoe04.local:~/tahoe-clients/storagenode/'
+++++ for i in '`seq 4 6`'
+++++ scp 'tahoe01.local:~/tahoe-clients/introducer/introducer.furl' 'tahoe05.local:~/tahoe-clients/storagenode/'
+++++ for i in '`seq 4 6`'
+++++ scp 'tahoe01.local:~/tahoe-clients/introducer/introducer.furl' 'tahoe06.local:~/tahoe-clients/storagenode/'
++++++ seq 4 6
+++++ for i in '`seq 4 6`'
+++++ ssh -t tahoe04.local /home/eiriha/tahoe-svn/scripts/start_local_node.sh
Connection to tahoe04.local closed.
+++++ for i in '`seq 4 6`'
+++++ ssh -t tahoe05.local /home/eiriha/tahoe-svn/scripts/start_local_node.sh
Connection to tahoe05.local closed.
+++++ for i in '`seq 4 6`'
+++++ ssh -t tahoe06.local /home/eiriha/tahoe-svn/scripts/start_local_node.sh
Connection to tahoe06.local closed.
+++++ create_new_client
+++++ tahoe stop
+++++ rm -rf /home/eiriha/.tahoe/
+++++ tahoe create-client
+++++ scp 'tahoe01.local:~/tahoe-clients/introducer/introducer.furl' /home/eiriha/.tahoe
+++++ cd /home/eiriha/.tahoe/
+++++ cat tahoe.cfg
++++++ hostname
+++++ sed 's/nickname =/nickname = tahoe03/'
+++++ mv tahoe2.cfg tahoe.cfg
+++++ cat tahoe.cfg
+++++ sed 's/#shares.total = 10/shares.total = 3/'
+++++ sed 's/#shares.happy = 7/shares.happy = 3/'
+++++ sed 's/#shares.needed = 3/shares.needed = 2/'
+++++ mv tahoe02.cfg tahoe.cfg
+++++ tahoe start
+++++ create_alias
+++++ mkdir /home/eiriha/tahoe-store/
mkdir: cannot create directory `/home/eiriha/tahoe-store/': File exists
+++++ cd /home/eiriha/tahoe-store/
+++++ tahoe create-alias tahoe
mkdir: cannot create directory `./logs': File exists
mkdir: cannot create directory `/tmp/1b': File exists
mkdir: cannot create directory `/tmp/1kb': File exists
mkdir: cannot create directory `/tmp/1mb': File exists
mkdir: cannot create directory `/tmp/100mb': File exists
mkdir: cannot create directory `/tmp/1gb': File exists

real	19m36.612s
user	2m37.318s
sys	0m25.686s
Connection to tahoe01.local closed.
Connection to tahoe01.local closed.
Connection to tahoe03.local closed.
Connection to tahoe03.local closed.
Connection to tahoe04.local closed.
Connection to tahoe04.local closed.
Connection to tahoe05.local closed.
Connection to tahoe05.local closed.
Connection to tahoe06.local closed.
Connection to tahoe06.local closed.
++++++ seq 4 6
+++++ for i in '`seq 4 6`'
+++++ echo creating storage node on tahoe04
+++++ ssh tahoe04.local '~/tahoe-svn/scripts/local_make_storagenode.sh'
+++++ for i in '`seq 4 6`'
+++++ echo creating storage node on tahoe05
+++++ ssh tahoe05.local '~/tahoe-svn/scripts/local_make_storagenode.sh'
+++++ for i in '`seq 4 6`'
+++++ echo creating storage node on tahoe06
+++++ ssh tahoe06.local '~/tahoe-svn/scripts/local_make_storagenode.sh'
++ stop_introducer
++ cd /home/eiriha/tahoe-clients/introducer/
++ tahoe stop -C .
++ rm -rf /home/eiriha/tahoe-clients/introducer
++ create_new_introducer
++ cd /home/eiriha/tahoe-clients/
++ tahoe create-introducer introducer
++ cd introducer
++ cat tahoe.cfg
++ sed 's/nickname =/nickname = intro/'
++ sed 's/web.port =/web.port = 1337/'
++ mv tahoe02.cfg tahoe.cfg
++ tahoe start -C .
++++++ seq 4 6
+++++ for i in '`seq 4 6`'
+++++ scp 'tahoe01.local:~/tahoe-clients/introducer/introducer.furl' 'tahoe04.local:~/tahoe-clients/storagenode/'
+++++ for i in '`seq 4 6`'
+++++ scp 'tahoe01.local:~/tahoe-clients/introducer/introducer.furl' 'tahoe05.local:~/tahoe-clients/storagenode/'
+++++ for i in '`seq 4 6`'
+++++ scp 'tahoe01.local:~/tahoe-clients/introducer/introducer.furl' 'tahoe06.local:~/tahoe-clients/storagenode/'
++++++ seq 4 6
+++++ for i in '`seq 4 6`'
+++++ ssh -t tahoe04.local /home/eiriha/tahoe-svn/scripts/start_local_node.sh
Connection to tahoe04.local closed.
+++++ for i in '`seq 4 6`'
+++++ ssh -t tahoe05.local /home/eiriha/tahoe-svn/scripts/start_local_node.sh
Connection to tahoe05.local closed.
+++++ for i in '`seq 4 6`'
+++++ ssh -t tahoe06.local /home/eiriha/tahoe-svn/scripts/start_local_node.sh
Connection to tahoe06.local closed.
+++++ create_new_client
+++++ tahoe stop
+++++ rm -rf /home/eiriha/.tahoe/
+++++ tahoe create-client
+++++ scp 'tahoe01.local:~/tahoe-clients/introducer/introducer.furl' /home/eiriha/.tahoe
+++++ cd /home/eiriha/.tahoe/
+++++ cat tahoe.cfg
++++++ hostname
+++++ sed 's/nickname =/nickname = tahoe03/'
+++++ mv tahoe2.cfg tahoe.cfg
+++++ cat tahoe.cfg
+++++ sed 's/#shares.total = 10/shares.total = 3/'
+++++ sed 's/#shares.happy = 7/shares.happy = 3/'
+++++ sed 's/#shares.needed = 3/shares.needed = 2/'
+++++ mv tahoe02.cfg tahoe.cfg
+++++ tahoe start
+++++ create_alias
+++++ mkdir /home/eiriha/tahoe-store/
mkdir: cannot create directory `/home/eiriha/tahoe-store/': File exists
+++++ cd /home/eiriha/tahoe-store/
+++++ tahoe create-alias tahoe
mkdir: cannot create directory `./logs': File exists
mkdir: cannot create directory `/tmp/1b': File exists
mkdir: cannot create directory `/tmp/1kb': File exists
mkdir: cannot create directory `/tmp/1mb': File exists
mkdir: cannot create directory `/tmp/100mb': File exists
mkdir: cannot create directory `/tmp/1gb': File exists

real	22m13.392s
user	2m37.354s
sys	0m25.690s
